2020-07-28 10:11:19,450 INFO 18239 [egg:logger] init all loggers with options: {"dir":"/Users/mengxu.lii/own/egg-demo/ownlogs","encoding":"utf8","env":"local","level":"INFO","consoleLevel":"INFO","disableConsoleAfterReady":false,"outputJSON":false,"buffer":true,"appLogName":"demo-web.log","coreLogName":"egg-web.log","agentLogName":"egg-agent.log","errorLogName":"common-error.log","coreLogger":{"consoleLevel":"WARN"},"allowDebugAtProd":false,"type":"application"}
2020-07-28 10:11:19,470 INFO 18239 [egg-multipart] stream mode enable
2020-07-28 10:11:19,567 INFO 18239 [egg-static] starting static serve /public/ -> /Users/mengxu.lii/own/egg-demo/app/public
2020-07-28 10:11:19,569 INFO 18239 [egg-security] use methodnoallow middleware
2020-07-28 10:11:19,570 INFO 18239 [egg-security] use noopen middleware
2020-07-28 10:11:19,571 INFO 18239 [egg-security] use nosniff middleware
2020-07-28 10:11:19,571 INFO 18239 [egg-security] use xssProtection middleware
2020-07-28 10:11:19,572 INFO 18239 [egg-security] use xframe middleware
2020-07-28 10:11:19,572 INFO 18239 [egg-security] use dta middleware
2020-07-28 10:11:19,573 INFO 18239 [egg-security] compose 6 middlewares into one security middleware
2020-07-28 10:11:19,597 INFO 18239 [egg:core] dump config after load, 13ms
2020-07-28 10:11:19,612 INFO 18239 [egg-watcher:application] watcher start success
2020-07-28 10:11:19,619 INFO 18239 [egg:core] dump config after ready, 5ms
2020-07-28 10:11:31,689 INFO 18279 [egg:logger] init all loggers with options: {"dir":"/Users/mengxu.lii/own/egg-demo/ownlogs","encoding":"utf8","env":"local","level":"INFO","consoleLevel":"INFO","disableConsoleAfterReady":false,"outputJSON":false,"buffer":true,"appLogName":"demo-web.log","coreLogName":"egg-web.log","agentLogName":"egg-agent.log","errorLogName":"common-error.log","coreLogger":{"consoleLevel":"WARN"},"allowDebugAtProd":false,"type":"application"}
2020-07-28 10:11:31,728 INFO 18279 [egg-multipart] stream mode enable
2020-07-28 10:11:31,833 INFO 18279 [egg-static] starting static serve /public/ -> /Users/mengxu.lii/own/egg-demo/app/public
2020-07-28 10:11:31,835 INFO 18279 [egg-security] use methodnoallow middleware
2020-07-28 10:11:31,836 INFO 18279 [egg-security] use noopen middleware
2020-07-28 10:11:31,837 INFO 18279 [egg-security] use nosniff middleware
2020-07-28 10:11:31,838 INFO 18279 [egg-security] use xssProtection middleware
2020-07-28 10:11:31,839 INFO 18279 [egg-security] use xframe middleware
2020-07-28 10:11:31,840 INFO 18279 [egg-security] use dta middleware
2020-07-28 10:11:31,840 INFO 18279 [egg-security] compose 6 middlewares into one security middleware
2020-07-28 10:11:31,852 INFO 18279 [egg:core] dump config after load, 6ms
2020-07-28 10:11:31,869 INFO 18279 [egg-watcher:application] watcher start success
2020-07-28 10:11:31,876 INFO 18279 [egg:core] dump config after ready, 6ms
