2020-07-28 10:11:19,469 INFO 18239 [egg-schedule]: register schedule /Users/mengxu.lii/own/egg-demo/node_modules/egg-multipart/app/schedule/clean_tmpdir.js
2020-07-28 10:11:19,469 INFO 18239 [egg-schedule]: register schedule /Users/mengxu.lii/own/egg-demo/node_modules/egg-logrotator/app/schedule/clean_log.js
2020-07-28 10:11:19,469 INFO 18239 [egg-schedule]: register schedule /Users/mengxu.lii/own/egg-demo/node_modules/egg-logrotator/app/schedule/rotate_by_file.js
2020-07-28 10:11:19,624 INFO 18237 [Timer] /Users/mengxu.lii/own/egg-demo/node_modules/egg-multipart/app/schedule/clean_tmpdir.js next time will execute after 65920378ms at 2020-07-29 04:30:00.002
2020-07-28 10:11:19,624 INFO 18237 [Timer] /Users/mengxu.lii/own/egg-demo/node_modules/egg-logrotator/app/schedule/clean_log.js next time will execute after 49720376ms at 2020-07-29 00:00:00.000
2020-07-28 10:11:19,625 INFO 18237 [Timer] /Users/mengxu.lii/own/egg-demo/node_modules/egg-logrotator/app/schedule/rotate_by_file.js next time will execute after 49721376ms at 2020-07-29 00:00:01.001
2020-07-28 10:11:31,726 INFO 18279 [egg-schedule]: register schedule /Users/mengxu.lii/own/egg-demo/node_modules/egg-multipart/app/schedule/clean_tmpdir.js
2020-07-28 10:11:31,726 INFO 18279 [egg-schedule]: register schedule /Users/mengxu.lii/own/egg-demo/node_modules/egg-logrotator/app/schedule/clean_log.js
2020-07-28 10:11:31,726 INFO 18279 [egg-schedule]: register schedule /Users/mengxu.lii/own/egg-demo/node_modules/egg-logrotator/app/schedule/rotate_by_file.js
2020-07-28 10:48:57,265 INFO 19268 [Timer] /Users/mengxu.lii/own/egg-demo/node_modules/egg-multipart/app/schedule/clean_tmpdir.js next time will execute after 63662737ms at 2020-07-29 04:30:00.002
2020-07-28 10:48:57,265 INFO 19268 [Timer] /Users/mengxu.lii/own/egg-demo/node_modules/egg-logrotator/app/schedule/clean_log.js next time will execute after 47462735ms at 2020-07-29 00:00:00.000
2020-07-28 10:48:57,265 INFO 19268 [Timer] /Users/mengxu.lii/own/egg-demo/node_modules/egg-logrotator/app/schedule/rotate_by_file.js next time will execute after 47463735ms at 2020-07-29 00:00:01.000
2020-07-28 10:48:57,127 INFO 19270 [egg-schedule]: register schedule /Users/mengxu.lii/own/egg-demo/node_modules/egg-multipart/app/schedule/clean_tmpdir.js
2020-07-28 10:48:57,127 INFO 19270 [egg-schedule]: register schedule /Users/mengxu.lii/own/egg-demo/node_modules/egg-logrotator/app/schedule/clean_log.js
2020-07-28 10:48:57,127 INFO 19270 [egg-schedule]: register schedule /Users/mengxu.lii/own/egg-demo/node_modules/egg-logrotator/app/schedule/rotate_by_file.js
2020-07-28 10:50:13,118 INFO 19388 [egg-schedule]: register schedule /Users/mengxu.lii/own/egg-demo/node_modules/egg-multipart/app/schedule/clean_tmpdir.js
2020-07-28 10:50:13,118 INFO 19388 [egg-schedule]: register schedule /Users/mengxu.lii/own/egg-demo/node_modules/egg-logrotator/app/schedule/clean_log.js
2020-07-28 10:50:13,118 INFO 19388 [egg-schedule]: register schedule /Users/mengxu.lii/own/egg-demo/node_modules/egg-logrotator/app/schedule/rotate_by_file.js
2020-07-28 10:52:04,354 INFO 19444 [egg-schedule]: register schedule /Users/mengxu.lii/own/egg-demo/node_modules/egg-multipart/app/schedule/clean_tmpdir.js
2020-07-28 10:52:04,354 INFO 19444 [egg-schedule]: register schedule /Users/mengxu.lii/own/egg-demo/node_modules/egg-logrotator/app/schedule/clean_log.js
2020-07-28 10:52:04,354 INFO 19444 [egg-schedule]: register schedule /Users/mengxu.lii/own/egg-demo/node_modules/egg-logrotator/app/schedule/rotate_by_file.js
2020-07-28 15:06:42,364 INFO 25785 [egg-schedule]: register schedule /Users/mengxu.lii/own/egg-demo/node_modules/egg-multipart/app/schedule/clean_tmpdir.js
2020-07-28 15:06:42,364 INFO 25785 [egg-schedule]: register schedule /Users/mengxu.lii/own/egg-demo/node_modules/egg-logrotator/app/schedule/clean_log.js
2020-07-28 15:06:42,364 INFO 25785 [egg-schedule]: register schedule /Users/mengxu.lii/own/egg-demo/node_modules/egg-logrotator/app/schedule/rotate_by_file.js
2020-07-28 15:08:23,361 INFO 25830 [egg-schedule]: register schedule /Users/mengxu.lii/own/egg-demo/node_modules/egg-multipart/app/schedule/clean_tmpdir.js
2020-07-28 15:08:23,361 INFO 25830 [egg-schedule]: register schedule /Users/mengxu.lii/own/egg-demo/node_modules/egg-logrotator/app/schedule/clean_log.js
2020-07-28 15:08:23,361 INFO 25830 [egg-schedule]: register schedule /Users/mengxu.lii/own/egg-demo/node_modules/egg-logrotator/app/schedule/rotate_by_file.js
2020-07-28 15:40:58,389 INFO 26123 [egg-schedule]: register schedule /Users/mengxu.lii/own/egg-demo/node_modules/egg-multipart/app/schedule/clean_tmpdir.js
2020-07-28 15:40:58,389 INFO 26123 [egg-schedule]: register schedule /Users/mengxu.lii/own/egg-demo/node_modules/egg-logrotator/app/schedule/clean_log.js
2020-07-28 15:40:58,389 INFO 26123 [egg-schedule]: register schedule /Users/mengxu.lii/own/egg-demo/node_modules/egg-logrotator/app/schedule/rotate_by_file.js
2020-07-28 15:41:00,341 INFO 26137 [egg-schedule]: register schedule /Users/mengxu.lii/own/egg-demo/node_modules/egg-multipart/app/schedule/clean_tmpdir.js
2020-07-28 15:41:00,341 INFO 26137 [egg-schedule]: register schedule /Users/mengxu.lii/own/egg-demo/node_modules/egg-logrotator/app/schedule/clean_log.js
2020-07-28 15:41:00,341 INFO 26137 [egg-schedule]: register schedule /Users/mengxu.lii/own/egg-demo/node_modules/egg-logrotator/app/schedule/rotate_by_file.js
2020-07-28 15:42:45,841 INFO 26158 [egg-schedule]: register schedule /Users/mengxu.lii/own/egg-demo/node_modules/egg-multipart/app/schedule/clean_tmpdir.js
2020-07-28 15:42:45,841 INFO 26158 [egg-schedule]: register schedule /Users/mengxu.lii/own/egg-demo/node_modules/egg-logrotator/app/schedule/clean_log.js
2020-07-28 15:42:45,841 INFO 26158 [egg-schedule]: register schedule /Users/mengxu.lii/own/egg-demo/node_modules/egg-logrotator/app/schedule/rotate_by_file.js
2020-07-28 15:49:16,378 INFO 26213 [egg-schedule]: register schedule /Users/mengxu.lii/own/egg-demo/node_modules/egg-multipart/app/schedule/clean_tmpdir.js
2020-07-28 15:49:16,378 INFO 26213 [egg-schedule]: register schedule /Users/mengxu.lii/own/egg-demo/node_modules/egg-logrotator/app/schedule/clean_log.js
2020-07-28 15:49:16,378 INFO 26213 [egg-schedule]: register schedule /Users/mengxu.lii/own/egg-demo/node_modules/egg-logrotator/app/schedule/rotate_by_file.js
2020-07-28 15:49:27,365 INFO 26246 [egg-schedule]: register schedule /Users/mengxu.lii/own/egg-demo/node_modules/egg-multipart/app/schedule/clean_tmpdir.js
2020-07-28 15:49:27,365 INFO 26246 [egg-schedule]: register schedule /Users/mengxu.lii/own/egg-demo/node_modules/egg-logrotator/app/schedule/clean_log.js
2020-07-28 15:49:27,365 INFO 26246 [egg-schedule]: register schedule /Users/mengxu.lii/own/egg-demo/node_modules/egg-logrotator/app/schedule/rotate_by_file.js
2020-07-28 15:50:15,573 INFO 26301 [egg-schedule]: register schedule /Users/mengxu.lii/own/egg-demo/node_modules/egg-multipart/app/schedule/clean_tmpdir.js
2020-07-28 15:50:15,574 INFO 26301 [egg-schedule]: register schedule /Users/mengxu.lii/own/egg-demo/node_modules/egg-logrotator/app/schedule/clean_log.js
2020-07-28 15:50:15,574 INFO 26301 [egg-schedule]: register schedule /Users/mengxu.lii/own/egg-demo/node_modules/egg-logrotator/app/schedule/rotate_by_file.js
2020-07-28 15:51:59,506 INFO 26375 [egg-schedule]: register schedule /Users/mengxu.lii/own/egg-demo/node_modules/egg-multipart/app/schedule/clean_tmpdir.js
2020-07-28 15:51:59,506 INFO 26375 [egg-schedule]: register schedule /Users/mengxu.lii/own/egg-demo/node_modules/egg-logrotator/app/schedule/clean_log.js
2020-07-28 15:51:59,506 INFO 26375 [egg-schedule]: register schedule /Users/mengxu.lii/own/egg-demo/node_modules/egg-logrotator/app/schedule/rotate_by_file.js
2020-07-28 15:52:20,501 INFO 26427 [egg-schedule]: register schedule /Users/mengxu.lii/own/egg-demo/node_modules/egg-multipart/app/schedule/clean_tmpdir.js
2020-07-28 15:52:20,501 INFO 26427 [egg-schedule]: register schedule /Users/mengxu.lii/own/egg-demo/node_modules/egg-logrotator/app/schedule/clean_log.js
2020-07-28 15:52:20,501 INFO 26427 [egg-schedule]: register schedule /Users/mengxu.lii/own/egg-demo/node_modules/egg-logrotator/app/schedule/rotate_by_file.js
2020-07-28 16:07:09,987 INFO 26636 [egg-schedule]: register schedule /Users/mengxu.lii/own/egg-demo/node_modules/egg-multipart/app/schedule/clean_tmpdir.js
2020-07-28 16:07:09,987 INFO 26636 [egg-schedule]: register schedule /Users/mengxu.lii/own/egg-demo/node_modules/egg-logrotator/app/schedule/clean_log.js
2020-07-28 16:07:09,987 INFO 26636 [egg-schedule]: register schedule /Users/mengxu.lii/own/egg-demo/node_modules/egg-logrotator/app/schedule/rotate_by_file.js
2020-07-28 16:07:16,464 INFO 26655 [egg-schedule]: register schedule /Users/mengxu.lii/own/egg-demo/node_modules/egg-multipart/app/schedule/clean_tmpdir.js
2020-07-28 16:07:16,464 INFO 26655 [egg-schedule]: register schedule /Users/mengxu.lii/own/egg-demo/node_modules/egg-logrotator/app/schedule/clean_log.js
2020-07-28 16:07:16,464 INFO 26655 [egg-schedule]: register schedule /Users/mengxu.lii/own/egg-demo/node_modules/egg-logrotator/app/schedule/rotate_by_file.js
2020-07-28 16:07:38,610 INFO 26681 [egg-schedule]: register schedule /Users/mengxu.lii/own/egg-demo/node_modules/egg-multipart/app/schedule/clean_tmpdir.js
2020-07-28 16:07:38,610 INFO 26681 [egg-schedule]: register schedule /Users/mengxu.lii/own/egg-demo/node_modules/egg-logrotator/app/schedule/clean_log.js
2020-07-28 16:07:38,610 INFO 26681 [egg-schedule]: register schedule /Users/mengxu.lii/own/egg-demo/node_modules/egg-logrotator/app/schedule/rotate_by_file.js
2020-07-28 16:08:04,409 INFO 26725 [egg-schedule]: register schedule /Users/mengxu.lii/own/egg-demo/node_modules/egg-multipart/app/schedule/clean_tmpdir.js
2020-07-28 16:08:04,409 INFO 26725 [egg-schedule]: register schedule /Users/mengxu.lii/own/egg-demo/node_modules/egg-logrotator/app/schedule/clean_log.js
2020-07-28 16:08:04,409 INFO 26725 [egg-schedule]: register schedule /Users/mengxu.lii/own/egg-demo/node_modules/egg-logrotator/app/schedule/rotate_by_file.js
2020-07-28 16:08:21,797 INFO 26756 [egg-schedule]: register schedule /Users/mengxu.lii/own/egg-demo/node_modules/egg-multipart/app/schedule/clean_tmpdir.js
2020-07-28 16:08:21,797 INFO 26756 [egg-schedule]: register schedule /Users/mengxu.lii/own/egg-demo/node_modules/egg-logrotator/app/schedule/clean_log.js
2020-07-28 16:08:21,797 INFO 26756 [egg-schedule]: register schedule /Users/mengxu.lii/own/egg-demo/node_modules/egg-logrotator/app/schedule/rotate_by_file.js
2020-07-28 16:08:51,788 INFO 26805 [egg-schedule]: register schedule /Users/mengxu.lii/own/egg-demo/node_modules/egg-multipart/app/schedule/clean_tmpdir.js
2020-07-28 16:08:51,788 INFO 26805 [egg-schedule]: register schedule /Users/mengxu.lii/own/egg-demo/node_modules/egg-logrotator/app/schedule/clean_log.js
2020-07-28 16:08:51,788 INFO 26805 [egg-schedule]: register schedule /Users/mengxu.lii/own/egg-demo/node_modules/egg-logrotator/app/schedule/rotate_by_file.js
2020-07-28 16:08:56,363 INFO 26825 [egg-schedule]: register schedule /Users/mengxu.lii/own/egg-demo/node_modules/egg-multipart/app/schedule/clean_tmpdir.js
2020-07-28 16:08:56,363 INFO 26825 [egg-schedule]: register schedule /Users/mengxu.lii/own/egg-demo/node_modules/egg-logrotator/app/schedule/clean_log.js
2020-07-28 16:08:56,363 INFO 26825 [egg-schedule]: register schedule /Users/mengxu.lii/own/egg-demo/node_modules/egg-logrotator/app/schedule/rotate_by_file.js
2020-07-28 16:17:04,845 INFO 26982 [Timer] /Users/mengxu.lii/own/egg-demo/node_modules/egg-multipart/app/schedule/clean_tmpdir.js next time will execute after 43975158ms at 2020-07-29 04:30:00.003
2020-07-28 16:17:04,846 INFO 26982 [Timer] /Users/mengxu.lii/own/egg-demo/node_modules/egg-logrotator/app/schedule/clean_log.js next time will execute after 27775155ms at 2020-07-29 00:00:00.001
2020-07-28 16:17:04,846 INFO 26982 [Timer] /Users/mengxu.lii/own/egg-demo/node_modules/egg-logrotator/app/schedule/rotate_by_file.js next time will execute after 27776154ms at 2020-07-29 00:00:01.000
2020-07-28 16:17:04,568 INFO 26990 [egg-schedule]: register schedule /Users/mengxu.lii/own/egg-demo/node_modules/egg-multipart/app/schedule/clean_tmpdir.js
2020-07-28 16:17:04,568 INFO 26990 [egg-schedule]: register schedule /Users/mengxu.lii/own/egg-demo/node_modules/egg-logrotator/app/schedule/clean_log.js
2020-07-28 16:17:04,568 INFO 26990 [egg-schedule]: register schedule /Users/mengxu.lii/own/egg-demo/node_modules/egg-logrotator/app/schedule/rotate_by_file.js
2020-07-28 16:43:36,343 INFO 27304 [egg-schedule]: register schedule /Users/mengxu.lii/own/egg-demo/node_modules/egg-multipart/app/schedule/clean_tmpdir.js
2020-07-28 16:43:36,343 INFO 27304 [egg-schedule]: register schedule /Users/mengxu.lii/own/egg-demo/node_modules/egg-logrotator/app/schedule/clean_log.js
2020-07-28 16:43:36,343 INFO 27304 [egg-schedule]: register schedule /Users/mengxu.lii/own/egg-demo/node_modules/egg-logrotator/app/schedule/rotate_by_file.js
2020-07-28 16:43:41,607 INFO 27328 [egg-schedule]: register schedule /Users/mengxu.lii/own/egg-demo/node_modules/egg-multipart/app/schedule/clean_tmpdir.js
2020-07-28 16:43:41,607 INFO 27328 [egg-schedule]: register schedule /Users/mengxu.lii/own/egg-demo/node_modules/egg-logrotator/app/schedule/clean_log.js
2020-07-28 16:43:41,607 INFO 27328 [egg-schedule]: register schedule /Users/mengxu.lii/own/egg-demo/node_modules/egg-logrotator/app/schedule/rotate_by_file.js
2020-07-28 16:44:21,685 INFO 27378 [egg-schedule]: register schedule /Users/mengxu.lii/own/egg-demo/node_modules/egg-multipart/app/schedule/clean_tmpdir.js
2020-07-28 16:44:21,685 INFO 27378 [egg-schedule]: register schedule /Users/mengxu.lii/own/egg-demo/node_modules/egg-logrotator/app/schedule/clean_log.js
2020-07-28 16:44:21,685 INFO 27378 [egg-schedule]: register schedule /Users/mengxu.lii/own/egg-demo/node_modules/egg-logrotator/app/schedule/rotate_by_file.js
2020-07-28 16:44:45,050 INFO 27523 [Timer] /Users/mengxu.lii/own/egg-demo/node_modules/egg-multipart/app/schedule/clean_tmpdir.js next time will execute after 42314952ms at 2020-07-29 04:30:00.002
2020-07-28 16:44:45,050 INFO 27523 [Timer] /Users/mengxu.lii/own/egg-demo/node_modules/egg-logrotator/app/schedule/clean_log.js next time will execute after 26114950ms at 2020-07-29 00:00:00.000
2020-07-28 16:44:45,050 INFO 27523 [Timer] /Users/mengxu.lii/own/egg-demo/node_modules/egg-logrotator/app/schedule/rotate_by_file.js next time will execute after 26115950ms at 2020-07-29 00:00:01.000
2020-07-28 16:44:44,890 INFO 27535 [egg-schedule]: register schedule /Users/mengxu.lii/own/egg-demo/node_modules/egg-multipart/app/schedule/clean_tmpdir.js
2020-07-28 16:44:44,890 INFO 27535 [egg-schedule]: register schedule /Users/mengxu.lii/own/egg-demo/node_modules/egg-logrotator/app/schedule/clean_log.js
2020-07-28 16:44:44,891 INFO 27535 [egg-schedule]: register schedule /Users/mengxu.lii/own/egg-demo/node_modules/egg-logrotator/app/schedule/rotate_by_file.js
2020-07-28 16:56:04,206 INFO 27660 [egg-schedule]: register schedule /Users/mengxu.lii/own/egg-demo/node_modules/egg-multipart/app/schedule/clean_tmpdir.js
2020-07-28 16:56:04,206 INFO 27660 [egg-schedule]: register schedule /Users/mengxu.lii/own/egg-demo/node_modules/egg-logrotator/app/schedule/clean_log.js
2020-07-28 16:56:04,206 INFO 27660 [egg-schedule]: register schedule /Users/mengxu.lii/own/egg-demo/node_modules/egg-logrotator/app/schedule/rotate_by_file.js
2020-07-28 16:56:26,965 INFO 27714 [egg-schedule]: register schedule /Users/mengxu.lii/own/egg-demo/node_modules/egg-multipart/app/schedule/clean_tmpdir.js
2020-07-28 16:56:26,965 INFO 27714 [egg-schedule]: register schedule /Users/mengxu.lii/own/egg-demo/node_modules/egg-logrotator/app/schedule/clean_log.js
2020-07-28 16:56:26,965 INFO 27714 [egg-schedule]: register schedule /Users/mengxu.lii/own/egg-demo/node_modules/egg-logrotator/app/schedule/rotate_by_file.js
2020-07-28 17:01:01,290 INFO 27811 [Timer] /Users/mengxu.lii/own/egg-demo/node_modules/egg-multipart/app/schedule/clean_tmpdir.js next time will execute after 41338713ms at 2020-07-29 04:30:00.003
2020-07-28 17:01:01,290 INFO 27811 [Timer] /Users/mengxu.lii/own/egg-demo/node_modules/egg-logrotator/app/schedule/clean_log.js next time will execute after 25138710ms at 2020-07-29 00:00:00.000
2020-07-28 17:01:01,290 INFO 27811 [Timer] /Users/mengxu.lii/own/egg-demo/node_modules/egg-logrotator/app/schedule/rotate_by_file.js next time will execute after 25139710ms at 2020-07-29 00:00:01.000
2020-07-28 17:01:01,101 INFO 27814 [egg-schedule]: register schedule /Users/mengxu.lii/own/egg-demo/node_modules/egg-multipart/app/schedule/clean_tmpdir.js
2020-07-28 17:01:01,101 INFO 27814 [egg-schedule]: register schedule /Users/mengxu.lii/own/egg-demo/node_modules/egg-logrotator/app/schedule/clean_log.js
2020-07-28 17:01:01,101 INFO 27814 [egg-schedule]: register schedule /Users/mengxu.lii/own/egg-demo/node_modules/egg-logrotator/app/schedule/rotate_by_file.js
2020-07-28 17:06:39,558 INFO 27862 [egg-schedule]: register schedule /Users/mengxu.lii/own/egg-demo/node_modules/egg-multipart/app/schedule/clean_tmpdir.js
2020-07-28 17:06:39,558 INFO 27862 [egg-schedule]: register schedule /Users/mengxu.lii/own/egg-demo/node_modules/egg-logrotator/app/schedule/clean_log.js
2020-07-28 17:06:39,558 INFO 27862 [egg-schedule]: register schedule /Users/mengxu.lii/own/egg-demo/node_modules/egg-logrotator/app/schedule/rotate_by_file.js
2020-07-28 17:10:20,336 INFO 28047 [egg-schedule]: register schedule /Users/mengxu.lii/own/egg-demo/node_modules/egg-multipart/app/schedule/clean_tmpdir.js
2020-07-28 17:10:20,336 INFO 28047 [egg-schedule]: register schedule /Users/mengxu.lii/own/egg-demo/node_modules/egg-logrotator/app/schedule/clean_log.js
2020-07-28 17:10:20,336 INFO 28047 [egg-schedule]: register schedule /Users/mengxu.lii/own/egg-demo/node_modules/egg-logrotator/app/schedule/rotate_by_file.js
2020-07-28 17:10:42,413 INFO 28070 [egg-schedule]: register schedule /Users/mengxu.lii/own/egg-demo/node_modules/egg-multipart/app/schedule/clean_tmpdir.js
2020-07-28 17:10:42,413 INFO 28070 [egg-schedule]: register schedule /Users/mengxu.lii/own/egg-demo/node_modules/egg-logrotator/app/schedule/clean_log.js
2020-07-28 17:10:42,413 INFO 28070 [egg-schedule]: register schedule /Users/mengxu.lii/own/egg-demo/node_modules/egg-logrotator/app/schedule/rotate_by_file.js
2020-07-28 17:11:09,745 INFO 28127 [egg-schedule]: register schedule /Users/mengxu.lii/own/egg-demo/node_modules/egg-multipart/app/schedule/clean_tmpdir.js
2020-07-28 17:11:09,745 INFO 28127 [egg-schedule]: register schedule /Users/mengxu.lii/own/egg-demo/node_modules/egg-logrotator/app/schedule/clean_log.js
2020-07-28 17:11:09,745 INFO 28127 [egg-schedule]: register schedule /Users/mengxu.lii/own/egg-demo/node_modules/egg-logrotator/app/schedule/rotate_by_file.js
2020-07-28 17:11:22,806 INFO 28159 [egg-schedule]: register schedule /Users/mengxu.lii/own/egg-demo/node_modules/egg-multipart/app/schedule/clean_tmpdir.js
2020-07-28 17:11:22,806 INFO 28159 [egg-schedule]: register schedule /Users/mengxu.lii/own/egg-demo/node_modules/egg-logrotator/app/schedule/clean_log.js
2020-07-28 17:11:22,806 INFO 28159 [egg-schedule]: register schedule /Users/mengxu.lii/own/egg-demo/node_modules/egg-logrotator/app/schedule/rotate_by_file.js
2020-07-28 17:11:39,605 INFO 28177 [egg-schedule]: register schedule /Users/mengxu.lii/own/egg-demo/node_modules/egg-multipart/app/schedule/clean_tmpdir.js
2020-07-28 17:11:39,605 INFO 28177 [egg-schedule]: register schedule /Users/mengxu.lii/own/egg-demo/node_modules/egg-logrotator/app/schedule/clean_log.js
2020-07-28 17:11:39,605 INFO 28177 [egg-schedule]: register schedule /Users/mengxu.lii/own/egg-demo/node_modules/egg-logrotator/app/schedule/rotate_by_file.js
2020-07-28 17:12:09,271 INFO 28210 [egg-schedule]: register schedule /Users/mengxu.lii/own/egg-demo/node_modules/egg-multipart/app/schedule/clean_tmpdir.js
2020-07-28 17:12:09,272 INFO 28210 [egg-schedule]: register schedule /Users/mengxu.lii/own/egg-demo/node_modules/egg-logrotator/app/schedule/clean_log.js
2020-07-28 17:12:09,272 INFO 28210 [egg-schedule]: register schedule /Users/mengxu.lii/own/egg-demo/node_modules/egg-logrotator/app/schedule/rotate_by_file.js
2020-07-28 17:12:38,997 INFO 28241 [egg-schedule]: register schedule /Users/mengxu.lii/own/egg-demo/node_modules/egg-multipart/app/schedule/clean_tmpdir.js
2020-07-28 17:12:38,997 INFO 28241 [egg-schedule]: register schedule /Users/mengxu.lii/own/egg-demo/node_modules/egg-logrotator/app/schedule/clean_log.js
2020-07-28 17:12:38,997 INFO 28241 [egg-schedule]: register schedule /Users/mengxu.lii/own/egg-demo/node_modules/egg-logrotator/app/schedule/rotate_by_file.js
2020-07-28 17:12:45,263 INFO 28270 [egg-schedule]: register schedule /Users/mengxu.lii/own/egg-demo/node_modules/egg-multipart/app/schedule/clean_tmpdir.js
2020-07-28 17:12:45,263 INFO 28270 [egg-schedule]: register schedule /Users/mengxu.lii/own/egg-demo/node_modules/egg-logrotator/app/schedule/clean_log.js
2020-07-28 17:12:45,263 INFO 28270 [egg-schedule]: register schedule /Users/mengxu.lii/own/egg-demo/node_modules/egg-logrotator/app/schedule/rotate_by_file.js
2020-07-28 17:13:22,127 INFO 28292 [egg-schedule]: register schedule /Users/mengxu.lii/own/egg-demo/node_modules/egg-multipart/app/schedule/clean_tmpdir.js
2020-07-28 17:13:22,127 INFO 28292 [egg-schedule]: register schedule /Users/mengxu.lii/own/egg-demo/node_modules/egg-logrotator/app/schedule/clean_log.js
2020-07-28 17:13:22,127 INFO 28292 [egg-schedule]: register schedule /Users/mengxu.lii/own/egg-demo/node_modules/egg-logrotator/app/schedule/rotate_by_file.js
2020-07-28 17:15:55,425 INFO 28372 [egg-schedule]: register schedule /Users/mengxu.lii/own/egg-demo/node_modules/egg-multipart/app/schedule/clean_tmpdir.js
2020-07-28 17:15:55,425 INFO 28372 [egg-schedule]: register schedule /Users/mengxu.lii/own/egg-demo/node_modules/egg-logrotator/app/schedule/clean_log.js
2020-07-28 17:15:55,425 INFO 28372 [egg-schedule]: register schedule /Users/mengxu.lii/own/egg-demo/node_modules/egg-logrotator/app/schedule/rotate_by_file.js
2020-07-28 17:15:59,321 INFO 28396 [egg-schedule]: register schedule /Users/mengxu.lii/own/egg-demo/node_modules/egg-multipart/app/schedule/clean_tmpdir.js
2020-07-28 17:15:59,321 INFO 28396 [egg-schedule]: register schedule /Users/mengxu.lii/own/egg-demo/node_modules/egg-logrotator/app/schedule/clean_log.js
2020-07-28 17:15:59,321 INFO 28396 [egg-schedule]: register schedule /Users/mengxu.lii/own/egg-demo/node_modules/egg-logrotator/app/schedule/rotate_by_file.js
2020-07-28 17:16:13,722 INFO 28456 [egg-schedule]: register schedule /Users/mengxu.lii/own/egg-demo/node_modules/egg-multipart/app/schedule/clean_tmpdir.js
2020-07-28 17:16:13,722 INFO 28456 [egg-schedule]: register schedule /Users/mengxu.lii/own/egg-demo/node_modules/egg-logrotator/app/schedule/clean_log.js
2020-07-28 17:16:13,722 INFO 28456 [egg-schedule]: register schedule /Users/mengxu.lii/own/egg-demo/node_modules/egg-logrotator/app/schedule/rotate_by_file.js
2020-07-28 17:16:32,148 INFO 28505 [egg-schedule]: register schedule /Users/mengxu.lii/own/egg-demo/node_modules/egg-multipart/app/schedule/clean_tmpdir.js
2020-07-28 17:16:32,148 INFO 28505 [egg-schedule]: register schedule /Users/mengxu.lii/own/egg-demo/node_modules/egg-logrotator/app/schedule/clean_log.js
2020-07-28 17:16:32,148 INFO 28505 [egg-schedule]: register schedule /Users/mengxu.lii/own/egg-demo/node_modules/egg-logrotator/app/schedule/rotate_by_file.js
2020-07-28 17:17:11,398 INFO 28569 [egg-schedule]: register schedule /Users/mengxu.lii/own/egg-demo/node_modules/egg-multipart/app/schedule/clean_tmpdir.js
2020-07-28 17:17:11,399 INFO 28569 [egg-schedule]: register schedule /Users/mengxu.lii/own/egg-demo/node_modules/egg-logrotator/app/schedule/clean_log.js
2020-07-28 17:17:11,399 INFO 28569 [egg-schedule]: register schedule /Users/mengxu.lii/own/egg-demo/node_modules/egg-logrotator/app/schedule/rotate_by_file.js
2020-07-28 17:27:35,969 INFO 28701 [egg-schedule]: register schedule /Users/mengxu.lii/own/egg-demo/node_modules/egg-multipart/app/schedule/clean_tmpdir.js
2020-07-28 17:27:35,969 INFO 28701 [egg-schedule]: register schedule /Users/mengxu.lii/own/egg-demo/node_modules/egg-logrotator/app/schedule/clean_log.js
2020-07-28 17:27:35,969 INFO 28701 [egg-schedule]: register schedule /Users/mengxu.lii/own/egg-demo/node_modules/egg-logrotator/app/schedule/rotate_by_file.js
2020-07-28 17:27:41,222 INFO 28725 [egg-schedule]: register schedule /Users/mengxu.lii/own/egg-demo/node_modules/egg-multipart/app/schedule/clean_tmpdir.js
2020-07-28 17:27:41,222 INFO 28725 [egg-schedule]: register schedule /Users/mengxu.lii/own/egg-demo/node_modules/egg-logrotator/app/schedule/clean_log.js
2020-07-28 17:27:41,222 INFO 28725 [egg-schedule]: register schedule /Users/mengxu.lii/own/egg-demo/node_modules/egg-logrotator/app/schedule/rotate_by_file.js
2020-07-28 17:27:47,437 INFO 28751 [egg-schedule]: register schedule /Users/mengxu.lii/own/egg-demo/node_modules/egg-multipart/app/schedule/clean_tmpdir.js
2020-07-28 17:27:47,437 INFO 28751 [egg-schedule]: register schedule /Users/mengxu.lii/own/egg-demo/node_modules/egg-logrotator/app/schedule/clean_log.js
2020-07-28 17:27:47,437 INFO 28751 [egg-schedule]: register schedule /Users/mengxu.lii/own/egg-demo/node_modules/egg-logrotator/app/schedule/rotate_by_file.js
2020-07-28 17:29:41,381 INFO 28869 [egg-schedule]: register schedule /Users/mengxu.lii/own/egg-demo/node_modules/egg-multipart/app/schedule/clean_tmpdir.js
2020-07-28 17:29:41,381 INFO 28869 [egg-schedule]: register schedule /Users/mengxu.lii/own/egg-demo/node_modules/egg-logrotator/app/schedule/clean_log.js
2020-07-28 17:29:41,381 INFO 28869 [egg-schedule]: register schedule /Users/mengxu.lii/own/egg-demo/node_modules/egg-logrotator/app/schedule/rotate_by_file.js
2020-07-28 17:29:48,431 INFO 28905 [egg-schedule]: register schedule /Users/mengxu.lii/own/egg-demo/node_modules/egg-multipart/app/schedule/clean_tmpdir.js
2020-07-28 17:29:48,431 INFO 28905 [egg-schedule]: register schedule /Users/mengxu.lii/own/egg-demo/node_modules/egg-logrotator/app/schedule/clean_log.js
2020-07-28 17:29:48,431 INFO 28905 [egg-schedule]: register schedule /Users/mengxu.lii/own/egg-demo/node_modules/egg-logrotator/app/schedule/rotate_by_file.js
2020-07-28 17:30:00,549 INFO 28925 [egg-schedule]: register schedule /Users/mengxu.lii/own/egg-demo/node_modules/egg-multipart/app/schedule/clean_tmpdir.js
2020-07-28 17:30:00,549 INFO 28925 [egg-schedule]: register schedule /Users/mengxu.lii/own/egg-demo/node_modules/egg-logrotator/app/schedule/clean_log.js
2020-07-28 17:30:00,549 INFO 28925 [egg-schedule]: register schedule /Users/mengxu.lii/own/egg-demo/node_modules/egg-logrotator/app/schedule/rotate_by_file.js
2020-07-28 17:30:37,285 INFO 28999 [egg-schedule]: register schedule /Users/mengxu.lii/own/egg-demo/node_modules/egg-multipart/app/schedule/clean_tmpdir.js
2020-07-28 17:30:37,285 INFO 28999 [egg-schedule]: register schedule /Users/mengxu.lii/own/egg-demo/node_modules/egg-logrotator/app/schedule/clean_log.js
2020-07-28 17:30:37,285 INFO 28999 [egg-schedule]: register schedule /Users/mengxu.lii/own/egg-demo/node_modules/egg-logrotator/app/schedule/rotate_by_file.js
2020-07-28 17:32:55,142 INFO 29066 [egg-schedule]: register schedule /Users/mengxu.lii/own/egg-demo/node_modules/egg-multipart/app/schedule/clean_tmpdir.js
2020-07-28 17:32:55,142 INFO 29066 [egg-schedule]: register schedule /Users/mengxu.lii/own/egg-demo/node_modules/egg-logrotator/app/schedule/clean_log.js
2020-07-28 17:32:55,142 INFO 29066 [egg-schedule]: register schedule /Users/mengxu.lii/own/egg-demo/node_modules/egg-logrotator/app/schedule/rotate_by_file.js
2020-07-28 17:33:22,208 INFO 29099 [egg-schedule]: register schedule /Users/mengxu.lii/own/egg-demo/node_modules/egg-multipart/app/schedule/clean_tmpdir.js
2020-07-28 17:33:22,208 INFO 29099 [egg-schedule]: register schedule /Users/mengxu.lii/own/egg-demo/node_modules/egg-logrotator/app/schedule/clean_log.js
2020-07-28 17:33:22,208 INFO 29099 [egg-schedule]: register schedule /Users/mengxu.lii/own/egg-demo/node_modules/egg-logrotator/app/schedule/rotate_by_file.js
2020-07-28 17:34:04,584 INFO 29152 [egg-schedule]: register schedule /Users/mengxu.lii/own/egg-demo/node_modules/egg-multipart/app/schedule/clean_tmpdir.js
2020-07-28 17:34:04,584 INFO 29152 [egg-schedule]: register schedule /Users/mengxu.lii/own/egg-demo/node_modules/egg-logrotator/app/schedule/clean_log.js
2020-07-28 17:34:04,584 INFO 29152 [egg-schedule]: register schedule /Users/mengxu.lii/own/egg-demo/node_modules/egg-logrotator/app/schedule/rotate_by_file.js
2020-07-28 17:37:22,643 INFO 29273 [Timer] /Users/mengxu.lii/own/egg-demo/node_modules/egg-multipart/app/schedule/clean_tmpdir.js next time will execute after 39157359ms at 2020-07-29 04:30:00.002
2020-07-28 17:37:22,643 INFO 29273 [Timer] /Users/mengxu.lii/own/egg-demo/node_modules/egg-logrotator/app/schedule/clean_log.js next time will execute after 22957357ms at 2020-07-29 00:00:00.000
2020-07-28 17:37:22,644 INFO 29273 [Timer] /Users/mengxu.lii/own/egg-demo/node_modules/egg-logrotator/app/schedule/rotate_by_file.js next time will execute after 22958357ms at 2020-07-29 00:00:01.000
2020-07-28 17:37:22,492 INFO 29282 [egg-schedule]: register schedule /Users/mengxu.lii/own/egg-demo/node_modules/egg-multipart/app/schedule/clean_tmpdir.js
2020-07-28 17:37:22,492 INFO 29282 [egg-schedule]: register schedule /Users/mengxu.lii/own/egg-demo/node_modules/egg-logrotator/app/schedule/clean_log.js
2020-07-28 17:37:22,492 INFO 29282 [egg-schedule]: register schedule /Users/mengxu.lii/own/egg-demo/node_modules/egg-logrotator/app/schedule/rotate_by_file.js
2020-07-28 17:50:52,373 INFO 29413 [egg-schedule]: register schedule /Users/mengxu.lii/own/egg-demo/node_modules/egg-multipart/app/schedule/clean_tmpdir.js
2020-07-28 17:50:52,373 INFO 29413 [egg-schedule]: register schedule /Users/mengxu.lii/own/egg-demo/node_modules/egg-logrotator/app/schedule/clean_log.js
2020-07-28 17:50:52,373 INFO 29413 [egg-schedule]: register schedule /Users/mengxu.lii/own/egg-demo/node_modules/egg-logrotator/app/schedule/rotate_by_file.js
2020-07-28 17:51:53,160 INFO 29452 [egg-schedule]: register schedule /Users/mengxu.lii/own/egg-demo/node_modules/egg-multipart/app/schedule/clean_tmpdir.js
2020-07-28 17:51:53,160 INFO 29452 [egg-schedule]: register schedule /Users/mengxu.lii/own/egg-demo/node_modules/egg-logrotator/app/schedule/clean_log.js
2020-07-28 17:51:53,160 INFO 29452 [egg-schedule]: register schedule /Users/mengxu.lii/own/egg-demo/node_modules/egg-logrotator/app/schedule/rotate_by_file.js
2020-07-28 17:52:00,831 INFO 29489 [egg-schedule]: register schedule /Users/mengxu.lii/own/egg-demo/node_modules/egg-multipart/app/schedule/clean_tmpdir.js
2020-07-28 17:52:00,831 INFO 29489 [egg-schedule]: register schedule /Users/mengxu.lii/own/egg-demo/node_modules/egg-logrotator/app/schedule/clean_log.js
2020-07-28 17:52:00,831 INFO 29489 [egg-schedule]: register schedule /Users/mengxu.lii/own/egg-demo/node_modules/egg-logrotator/app/schedule/rotate_by_file.js
2020-07-28 17:59:14,442 INFO 29633 [Timer] /Users/mengxu.lii/own/egg-demo/node_modules/egg-multipart/app/schedule/clean_tmpdir.js next time will execute after 37845560ms at 2020-07-29 04:30:00.002
2020-07-28 17:59:14,442 INFO 29633 [Timer] /Users/mengxu.lii/own/egg-demo/node_modules/egg-logrotator/app/schedule/clean_log.js next time will execute after 21645558ms at 2020-07-29 00:00:00.000
2020-07-28 17:59:14,443 INFO 29633 [Timer] /Users/mengxu.lii/own/egg-demo/node_modules/egg-logrotator/app/schedule/rotate_by_file.js next time will execute after 21646558ms at 2020-07-29 00:00:01.001
2020-07-28 17:59:14,296 INFO 29640 [egg-schedule]: register schedule /Users/mengxu.lii/own/egg-demo/node_modules/egg-multipart/app/schedule/clean_tmpdir.js
2020-07-28 17:59:14,296 INFO 29640 [egg-schedule]: register schedule /Users/mengxu.lii/own/egg-demo/node_modules/egg-logrotator/app/schedule/clean_log.js
2020-07-28 17:59:14,296 INFO 29640 [egg-schedule]: register schedule /Users/mengxu.lii/own/egg-demo/node_modules/egg-logrotator/app/schedule/rotate_by_file.js
2020-07-28 18:06:20,289 INFO 29693 [egg-schedule]: register schedule /Users/mengxu.lii/own/egg-demo/node_modules/egg-multipart/app/schedule/clean_tmpdir.js
2020-07-28 18:06:20,289 INFO 29693 [egg-schedule]: register schedule /Users/mengxu.lii/own/egg-demo/node_modules/egg-logrotator/app/schedule/clean_log.js
2020-07-28 18:06:20,289 INFO 29693 [egg-schedule]: register schedule /Users/mengxu.lii/own/egg-demo/node_modules/egg-logrotator/app/schedule/rotate_by_file.js
2020-07-28 18:06:29,484 INFO 29785 [egg-schedule]: register schedule /Users/mengxu.lii/own/egg-demo/node_modules/egg-multipart/app/schedule/clean_tmpdir.js
2020-07-28 18:06:29,484 INFO 29785 [egg-schedule]: register schedule /Users/mengxu.lii/own/egg-demo/node_modules/egg-logrotator/app/schedule/clean_log.js
2020-07-28 18:06:29,484 INFO 29785 [egg-schedule]: register schedule /Users/mengxu.lii/own/egg-demo/node_modules/egg-logrotator/app/schedule/rotate_by_file.js
2020-07-28 18:06:29,580 INFO 29783 [Timer] /Users/mengxu.lii/own/egg-demo/node_modules/egg-multipart/app/schedule/clean_tmpdir.js next time will execute after 37410422ms at 2020-07-29 04:30:00.002
2020-07-28 18:06:29,580 INFO 29783 [Timer] /Users/mengxu.lii/own/egg-demo/node_modules/egg-logrotator/app/schedule/clean_log.js next time will execute after 21210420ms at 2020-07-29 00:00:00.000
2020-07-28 18:06:29,581 INFO 29783 [Timer] /Users/mengxu.lii/own/egg-demo/node_modules/egg-logrotator/app/schedule/rotate_by_file.js next time will execute after 21211419ms at 2020-07-29 00:00:01.000
2020-07-28 18:15:00,061 INFO 29986 [egg-schedule]: register schedule /Users/mengxu.lii/own/egg-demo/node_modules/egg-multipart/app/schedule/clean_tmpdir.js
2020-07-28 18:15:00,061 INFO 29986 [egg-schedule]: register schedule /Users/mengxu.lii/own/egg-demo/node_modules/egg-logrotator/app/schedule/clean_log.js
2020-07-28 18:15:00,061 INFO 29986 [egg-schedule]: register schedule /Users/mengxu.lii/own/egg-demo/node_modules/egg-logrotator/app/schedule/rotate_by_file.js
2020-07-28 18:23:03,791 INFO 30063 [egg-schedule]: register schedule /Users/mengxu.lii/own/egg-demo/node_modules/egg-multipart/app/schedule/clean_tmpdir.js
2020-07-28 18:23:03,791 INFO 30063 [egg-schedule]: register schedule /Users/mengxu.lii/own/egg-demo/node_modules/egg-logrotator/app/schedule/clean_log.js
2020-07-28 18:23:03,791 INFO 30063 [egg-schedule]: register schedule /Users/mengxu.lii/own/egg-demo/node_modules/egg-logrotator/app/schedule/rotate_by_file.js
2020-07-28 18:23:06,306 INFO 30086 [egg-schedule]: register schedule /Users/mengxu.lii/own/egg-demo/node_modules/egg-multipart/app/schedule/clean_tmpdir.js
2020-07-28 18:23:06,306 INFO 30086 [egg-schedule]: register schedule /Users/mengxu.lii/own/egg-demo/node_modules/egg-logrotator/app/schedule/clean_log.js
2020-07-28 18:23:06,306 INFO 30086 [egg-schedule]: register schedule /Users/mengxu.lii/own/egg-demo/node_modules/egg-logrotator/app/schedule/rotate_by_file.js
2020-07-28 18:25:11,730 INFO 30121 [egg-schedule]: register schedule /Users/mengxu.lii/own/egg-demo/node_modules/egg-multipart/app/schedule/clean_tmpdir.js
2020-07-28 18:25:11,730 INFO 30121 [egg-schedule]: register schedule /Users/mengxu.lii/own/egg-demo/node_modules/egg-logrotator/app/schedule/clean_log.js
2020-07-28 18:25:11,730 INFO 30121 [egg-schedule]: register schedule /Users/mengxu.lii/own/egg-demo/node_modules/egg-logrotator/app/schedule/rotate_by_file.js
2020-07-28 18:25:25,625 INFO 30159 [egg-schedule]: register schedule /Users/mengxu.lii/own/egg-demo/node_modules/egg-multipart/app/schedule/clean_tmpdir.js
2020-07-28 18:25:25,625 INFO 30159 [egg-schedule]: register schedule /Users/mengxu.lii/own/egg-demo/node_modules/egg-logrotator/app/schedule/clean_log.js
2020-07-28 18:25:25,625 INFO 30159 [egg-schedule]: register schedule /Users/mengxu.lii/own/egg-demo/node_modules/egg-logrotator/app/schedule/rotate_by_file.js
2020-07-28 18:28:14,591 INFO 30219 [egg-schedule]: register schedule /Users/mengxu.lii/own/egg-demo/node_modules/egg-multipart/app/schedule/clean_tmpdir.js
2020-07-28 18:28:14,591 INFO 30219 [egg-schedule]: register schedule /Users/mengxu.lii/own/egg-demo/node_modules/egg-logrotator/app/schedule/clean_log.js
2020-07-28 18:28:14,591 INFO 30219 [egg-schedule]: register schedule /Users/mengxu.lii/own/egg-demo/node_modules/egg-logrotator/app/schedule/rotate_by_file.js
2020-07-28 18:31:20,078 INFO 30375 [egg-schedule]: register schedule /Users/mengxu.lii/own/egg-demo/node_modules/egg-multipart/app/schedule/clean_tmpdir.js
2020-07-28 18:31:20,078 INFO 30375 [egg-schedule]: register schedule /Users/mengxu.lii/own/egg-demo/node_modules/egg-logrotator/app/schedule/clean_log.js
2020-07-28 18:31:20,078 INFO 30375 [egg-schedule]: register schedule /Users/mengxu.lii/own/egg-demo/node_modules/egg-logrotator/app/schedule/rotate_by_file.js
2020-07-28 18:31:23,798 INFO 30409 [egg-schedule]: register schedule /Users/mengxu.lii/own/egg-demo/node_modules/egg-multipart/app/schedule/clean_tmpdir.js
2020-07-28 18:31:23,798 INFO 30409 [egg-schedule]: register schedule /Users/mengxu.lii/own/egg-demo/node_modules/egg-logrotator/app/schedule/clean_log.js
2020-07-28 18:31:23,798 INFO 30409 [egg-schedule]: register schedule /Users/mengxu.lii/own/egg-demo/node_modules/egg-logrotator/app/schedule/rotate_by_file.js
2020-07-30 11:39:12,485 INFO 9558 [Timer] /Users/mengxu.lii/own/egg-demo/node_modules/egg-multipart/app/schedule/clean_tmpdir.js next time will execute after 60647517ms at 2020-07-31 04:30:00.002
2020-07-30 11:39:12,485 INFO 9558 [Timer] /Users/mengxu.lii/own/egg-demo/node_modules/egg-logrotator/app/schedule/clean_log.js next time will execute after 44447515ms at 2020-07-31 00:00:00.000
2020-07-30 11:39:12,485 INFO 9558 [Timer] /Users/mengxu.lii/own/egg-demo/node_modules/egg-logrotator/app/schedule/rotate_by_file.js next time will execute after 44448515ms at 2020-07-31 00:00:01.000
2020-07-30 11:39:12,319 INFO 9572 [egg-schedule]: register schedule /Users/mengxu.lii/own/egg-demo/node_modules/egg-multipart/app/schedule/clean_tmpdir.js
2020-07-30 11:39:12,319 INFO 9572 [egg-schedule]: register schedule /Users/mengxu.lii/own/egg-demo/node_modules/egg-logrotator/app/schedule/clean_log.js
2020-07-30 11:39:12,319 INFO 9572 [egg-schedule]: register schedule /Users/mengxu.lii/own/egg-demo/node_modules/egg-logrotator/app/schedule/rotate_by_file.js
2020-07-30 11:57:48,817 INFO 9934 [egg-schedule]: register schedule /Users/mengxu.lii/own/egg-demo/node_modules/egg-multipart/app/schedule/clean_tmpdir.js
2020-07-30 11:57:48,817 INFO 9934 [egg-schedule]: register schedule /Users/mengxu.lii/own/egg-demo/node_modules/egg-logrotator/app/schedule/clean_log.js
2020-07-30 11:57:48,817 INFO 9934 [egg-schedule]: register schedule /Users/mengxu.lii/own/egg-demo/node_modules/egg-logrotator/app/schedule/rotate_by_file.js
2020-07-30 12:01:21,506 INFO 10068 [egg-schedule]: register schedule /Users/mengxu.lii/own/egg-demo/node_modules/egg-multipart/app/schedule/clean_tmpdir.js
2020-07-30 12:01:21,506 INFO 10068 [egg-schedule]: register schedule /Users/mengxu.lii/own/egg-demo/node_modules/egg-logrotator/app/schedule/clean_log.js
2020-07-30 12:01:21,506 INFO 10068 [egg-schedule]: register schedule /Users/mengxu.lii/own/egg-demo/node_modules/egg-logrotator/app/schedule/rotate_by_file.js
2020-07-30 14:05:07,608 INFO 10497 [egg-schedule]: register schedule /Users/mengxu.lii/own/egg-demo/node_modules/egg-multipart/app/schedule/clean_tmpdir.js
2020-07-30 14:05:07,608 INFO 10497 [egg-schedule]: register schedule /Users/mengxu.lii/own/egg-demo/node_modules/egg-logrotator/app/schedule/clean_log.js
2020-07-30 14:05:07,608 INFO 10497 [egg-schedule]: register schedule /Users/mengxu.lii/own/egg-demo/node_modules/egg-logrotator/app/schedule/rotate_by_file.js
2020-07-30 14:07:54,231 INFO 10615 [egg-schedule]: register schedule /Users/mengxu.lii/own/egg-demo/node_modules/egg-multipart/app/schedule/clean_tmpdir.js
2020-07-30 14:07:54,231 INFO 10615 [egg-schedule]: register schedule /Users/mengxu.lii/own/egg-demo/node_modules/egg-logrotator/app/schedule/clean_log.js
2020-07-30 14:07:54,231 INFO 10615 [egg-schedule]: register schedule /Users/mengxu.lii/own/egg-demo/node_modules/egg-logrotator/app/schedule/rotate_by_file.js
2020-07-30 14:12:51,690 INFO 10744 [egg-schedule]: register schedule /Users/mengxu.lii/own/egg-demo/node_modules/egg-multipart/app/schedule/clean_tmpdir.js
2020-07-30 14:12:51,690 INFO 10744 [egg-schedule]: register schedule /Users/mengxu.lii/own/egg-demo/node_modules/egg-logrotator/app/schedule/clean_log.js
2020-07-30 14:12:51,690 INFO 10744 [egg-schedule]: register schedule /Users/mengxu.lii/own/egg-demo/node_modules/egg-logrotator/app/schedule/rotate_by_file.js
2020-07-30 14:15:00,238 INFO 10912 [egg-schedule]: register schedule /Users/mengxu.lii/own/egg-demo/node_modules/egg-multipart/app/schedule/clean_tmpdir.js
2020-07-30 14:15:00,238 INFO 10912 [egg-schedule]: register schedule /Users/mengxu.lii/own/egg-demo/node_modules/egg-logrotator/app/schedule/clean_log.js
2020-07-30 14:15:00,238 INFO 10912 [egg-schedule]: register schedule /Users/mengxu.lii/own/egg-demo/node_modules/egg-logrotator/app/schedule/rotate_by_file.js
2020-07-30 14:17:45,235 INFO 11011 [egg-schedule]: register schedule /Users/mengxu.lii/own/egg-demo/node_modules/egg-multipart/app/schedule/clean_tmpdir.js
2020-07-30 14:17:45,235 INFO 11011 [egg-schedule]: register schedule /Users/mengxu.lii/own/egg-demo/node_modules/egg-logrotator/app/schedule/clean_log.js
2020-07-30 14:17:45,235 INFO 11011 [egg-schedule]: register schedule /Users/mengxu.lii/own/egg-demo/node_modules/egg-logrotator/app/schedule/rotate_by_file.js
2020-07-30 14:17:45,669 INFO 11009 [Timer] /Users/mengxu.lii/own/egg-demo/node_modules/egg-multipart/app/schedule/clean_tmpdir.js next time will execute after 51134333ms at 2020-07-31 04:30:00.002
2020-07-30 14:17:45,669 INFO 11009 [Timer] /Users/mengxu.lii/own/egg-demo/node_modules/egg-logrotator/app/schedule/clean_log.js next time will execute after 34934331ms at 2020-07-31 00:00:00.000
2020-07-30 14:17:45,669 INFO 11009 [Timer] /Users/mengxu.lii/own/egg-demo/node_modules/egg-logrotator/app/schedule/rotate_by_file.js next time will execute after 34935331ms at 2020-07-31 00:00:01.000
2020-07-30 14:17:54,832 INFO 11030 [egg-schedule]: register schedule /Users/mengxu.lii/own/egg-demo/node_modules/egg-multipart/app/schedule/clean_tmpdir.js
2020-07-30 14:17:54,832 INFO 11030 [egg-schedule]: register schedule /Users/mengxu.lii/own/egg-demo/node_modules/egg-logrotator/app/schedule/clean_log.js
2020-07-30 14:17:54,832 INFO 11030 [egg-schedule]: register schedule /Users/mengxu.lii/own/egg-demo/node_modules/egg-logrotator/app/schedule/rotate_by_file.js
2020-07-30 14:19:01,223 INFO 11096 [egg-schedule]: register schedule /Users/mengxu.lii/own/egg-demo/node_modules/egg-multipart/app/schedule/clean_tmpdir.js
2020-07-30 14:19:01,223 INFO 11096 [egg-schedule]: register schedule /Users/mengxu.lii/own/egg-demo/node_modules/egg-logrotator/app/schedule/clean_log.js
2020-07-30 14:19:01,223 INFO 11096 [egg-schedule]: register schedule /Users/mengxu.lii/own/egg-demo/node_modules/egg-logrotator/app/schedule/rotate_by_file.js
2020-07-30 14:19:02,729 INFO 11112 [egg-schedule]: register schedule /Users/mengxu.lii/own/egg-demo/node_modules/egg-multipart/app/schedule/clean_tmpdir.js
2020-07-30 14:19:02,729 INFO 11112 [egg-schedule]: register schedule /Users/mengxu.lii/own/egg-demo/node_modules/egg-logrotator/app/schedule/clean_log.js
2020-07-30 14:19:02,729 INFO 11112 [egg-schedule]: register schedule /Users/mengxu.lii/own/egg-demo/node_modules/egg-logrotator/app/schedule/rotate_by_file.js
2020-07-30 14:21:58,135 INFO 11130 [egg-schedule]: register schedule /Users/mengxu.lii/own/egg-demo/node_modules/egg-multipart/app/schedule/clean_tmpdir.js
2020-07-30 14:21:58,135 INFO 11130 [egg-schedule]: register schedule /Users/mengxu.lii/own/egg-demo/node_modules/egg-logrotator/app/schedule/clean_log.js
2020-07-30 14:21:58,135 INFO 11130 [egg-schedule]: register schedule /Users/mengxu.lii/own/egg-demo/node_modules/egg-logrotator/app/schedule/rotate_by_file.js
2020-07-30 14:24:05,751 INFO 11162 [egg-schedule]: register schedule /Users/mengxu.lii/own/egg-demo/node_modules/egg-multipart/app/schedule/clean_tmpdir.js
2020-07-30 14:24:05,751 INFO 11162 [egg-schedule]: register schedule /Users/mengxu.lii/own/egg-demo/node_modules/egg-logrotator/app/schedule/clean_log.js
2020-07-30 14:24:05,751 INFO 11162 [egg-schedule]: register schedule /Users/mengxu.lii/own/egg-demo/node_modules/egg-logrotator/app/schedule/rotate_by_file.js
2020-07-30 14:24:07,302 INFO 11164 [egg-schedule]: register schedule /Users/mengxu.lii/own/egg-demo/node_modules/egg-multipart/app/schedule/clean_tmpdir.js
2020-07-30 14:24:07,302 INFO 11164 [egg-schedule]: register schedule /Users/mengxu.lii/own/egg-demo/node_modules/egg-logrotator/app/schedule/clean_log.js
2020-07-30 14:24:07,302 INFO 11164 [egg-schedule]: register schedule /Users/mengxu.lii/own/egg-demo/node_modules/egg-logrotator/app/schedule/rotate_by_file.js
2020-07-30 14:29:57,258 INFO 11263 [egg-schedule]: register schedule /Users/mengxu.lii/own/egg-demo/node_modules/egg-multipart/app/schedule/clean_tmpdir.js
2020-07-30 14:29:57,258 INFO 11263 [egg-schedule]: register schedule /Users/mengxu.lii/own/egg-demo/node_modules/egg-logrotator/app/schedule/clean_log.js
2020-07-30 14:29:57,258 INFO 11263 [egg-schedule]: register schedule /Users/mengxu.lii/own/egg-demo/node_modules/egg-logrotator/app/schedule/rotate_by_file.js
2020-07-30 14:32:22,041 INFO 11337 [egg-schedule]: register schedule /Users/mengxu.lii/own/egg-demo/node_modules/egg-multipart/app/schedule/clean_tmpdir.js
2020-07-30 14:32:22,041 INFO 11337 [egg-schedule]: register schedule /Users/mengxu.lii/own/egg-demo/node_modules/egg-logrotator/app/schedule/clean_log.js
2020-07-30 14:32:22,041 INFO 11337 [egg-schedule]: register schedule /Users/mengxu.lii/own/egg-demo/node_modules/egg-logrotator/app/schedule/rotate_by_file.js
2020-07-30 14:41:05,082 INFO 11434 [egg-schedule]: register schedule /Users/mengxu.lii/own/egg-demo/node_modules/egg-multipart/app/schedule/clean_tmpdir.js
2020-07-30 14:41:05,082 INFO 11434 [egg-schedule]: register schedule /Users/mengxu.lii/own/egg-demo/node_modules/egg-logrotator/app/schedule/clean_log.js
2020-07-30 14:41:05,082 INFO 11434 [egg-schedule]: register schedule /Users/mengxu.lii/own/egg-demo/node_modules/egg-logrotator/app/schedule/rotate_by_file.js
2020-07-30 14:42:49,456 INFO 11508 [egg-schedule]: register schedule /Users/mengxu.lii/own/egg-demo/node_modules/egg-multipart/app/schedule/clean_tmpdir.js
2020-07-30 14:42:49,456 INFO 11508 [egg-schedule]: register schedule /Users/mengxu.lii/own/egg-demo/node_modules/egg-logrotator/app/schedule/clean_log.js
2020-07-30 14:42:49,456 INFO 11508 [egg-schedule]: register schedule /Users/mengxu.lii/own/egg-demo/node_modules/egg-logrotator/app/schedule/rotate_by_file.js
2020-07-30 14:42:59,755 INFO 11560 [egg-schedule]: register schedule /Users/mengxu.lii/own/egg-demo/node_modules/egg-multipart/app/schedule/clean_tmpdir.js
2020-07-30 14:42:59,755 INFO 11560 [egg-schedule]: register schedule /Users/mengxu.lii/own/egg-demo/node_modules/egg-logrotator/app/schedule/clean_log.js
2020-07-30 14:42:59,755 INFO 11560 [egg-schedule]: register schedule /Users/mengxu.lii/own/egg-demo/node_modules/egg-logrotator/app/schedule/rotate_by_file.js
2020-07-30 14:43:01,181 INFO 11567 [egg-schedule]: register schedule /Users/mengxu.lii/own/egg-demo/node_modules/egg-multipart/app/schedule/clean_tmpdir.js
2020-07-30 14:43:01,181 INFO 11567 [egg-schedule]: register schedule /Users/mengxu.lii/own/egg-demo/node_modules/egg-logrotator/app/schedule/clean_log.js
2020-07-30 14:43:01,181 INFO 11567 [egg-schedule]: register schedule /Users/mengxu.lii/own/egg-demo/node_modules/egg-logrotator/app/schedule/rotate_by_file.js
2020-07-30 14:43:07,477 INFO 11584 [egg-schedule]: register schedule /Users/mengxu.lii/own/egg-demo/node_modules/egg-multipart/app/schedule/clean_tmpdir.js
2020-07-30 14:43:07,477 INFO 11584 [egg-schedule]: register schedule /Users/mengxu.lii/own/egg-demo/node_modules/egg-logrotator/app/schedule/clean_log.js
2020-07-30 14:43:07,477 INFO 11584 [egg-schedule]: register schedule /Users/mengxu.lii/own/egg-demo/node_modules/egg-logrotator/app/schedule/rotate_by_file.js
2020-07-30 14:44:17,887 INFO 11631 [egg-schedule]: register schedule /Users/mengxu.lii/own/egg-demo/node_modules/egg-multipart/app/schedule/clean_tmpdir.js
2020-07-30 14:44:17,887 INFO 11631 [egg-schedule]: register schedule /Users/mengxu.lii/own/egg-demo/node_modules/egg-logrotator/app/schedule/clean_log.js
2020-07-30 14:44:17,887 INFO 11631 [egg-schedule]: register schedule /Users/mengxu.lii/own/egg-demo/node_modules/egg-logrotator/app/schedule/rotate_by_file.js
2020-07-30 14:45:28,512 INFO 11666 [egg-schedule]: register schedule /Users/mengxu.lii/own/egg-demo/node_modules/egg-multipart/app/schedule/clean_tmpdir.js
2020-07-30 14:45:28,512 INFO 11666 [egg-schedule]: register schedule /Users/mengxu.lii/own/egg-demo/node_modules/egg-logrotator/app/schedule/clean_log.js
2020-07-30 14:45:28,512 INFO 11666 [egg-schedule]: register schedule /Users/mengxu.lii/own/egg-demo/node_modules/egg-logrotator/app/schedule/rotate_by_file.js
2020-07-30 14:45:37,187 INFO 11705 [egg-schedule]: register schedule /Users/mengxu.lii/own/egg-demo/node_modules/egg-multipart/app/schedule/clean_tmpdir.js
2020-07-30 14:45:37,187 INFO 11705 [egg-schedule]: register schedule /Users/mengxu.lii/own/egg-demo/node_modules/egg-logrotator/app/schedule/clean_log.js
2020-07-30 14:45:37,187 INFO 11705 [egg-schedule]: register schedule /Users/mengxu.lii/own/egg-demo/node_modules/egg-logrotator/app/schedule/rotate_by_file.js
2020-07-30 14:48:49,488 INFO 11788 [egg-schedule]: register schedule /Users/mengxu.lii/own/egg-demo/node_modules/egg-multipart/app/schedule/clean_tmpdir.js
2020-07-30 14:48:49,488 INFO 11788 [egg-schedule]: register schedule /Users/mengxu.lii/own/egg-demo/node_modules/egg-logrotator/app/schedule/clean_log.js
2020-07-30 14:48:49,489 INFO 11788 [egg-schedule]: register schedule /Users/mengxu.lii/own/egg-demo/node_modules/egg-logrotator/app/schedule/rotate_by_file.js
2020-07-30 14:51:07,736 INFO 11819 [egg-schedule]: register schedule /Users/mengxu.lii/own/egg-demo/node_modules/egg-multipart/app/schedule/clean_tmpdir.js
2020-07-30 14:51:07,736 INFO 11819 [egg-schedule]: register schedule /Users/mengxu.lii/own/egg-demo/node_modules/egg-logrotator/app/schedule/clean_log.js
2020-07-30 14:51:07,736 INFO 11819 [egg-schedule]: register schedule /Users/mengxu.lii/own/egg-demo/node_modules/egg-logrotator/app/schedule/rotate_by_file.js
2020-07-30 14:51:37,321 INFO 11905 [egg-schedule]: register schedule /Users/mengxu.lii/own/egg-demo/node_modules/egg-multipart/app/schedule/clean_tmpdir.js
2020-07-30 14:51:37,322 INFO 11905 [egg-schedule]: register schedule /Users/mengxu.lii/own/egg-demo/node_modules/egg-logrotator/app/schedule/clean_log.js
2020-07-30 14:51:37,322 INFO 11905 [egg-schedule]: register schedule /Users/mengxu.lii/own/egg-demo/node_modules/egg-logrotator/app/schedule/rotate_by_file.js
2020-07-30 14:51:40,123 INFO 11918 [egg-schedule]: register schedule /Users/mengxu.lii/own/egg-demo/node_modules/egg-multipart/app/schedule/clean_tmpdir.js
2020-07-30 14:51:40,123 INFO 11918 [egg-schedule]: register schedule /Users/mengxu.lii/own/egg-demo/node_modules/egg-logrotator/app/schedule/clean_log.js
2020-07-30 14:51:40,123 INFO 11918 [egg-schedule]: register schedule /Users/mengxu.lii/own/egg-demo/node_modules/egg-logrotator/app/schedule/rotate_by_file.js
2020-07-30 14:52:03,990 INFO 11942 [egg-schedule]: register schedule /Users/mengxu.lii/own/egg-demo/node_modules/egg-multipart/app/schedule/clean_tmpdir.js
2020-07-30 14:52:03,990 INFO 11942 [egg-schedule]: register schedule /Users/mengxu.lii/own/egg-demo/node_modules/egg-logrotator/app/schedule/clean_log.js
2020-07-30 14:52:03,990 INFO 11942 [egg-schedule]: register schedule /Users/mengxu.lii/own/egg-demo/node_modules/egg-logrotator/app/schedule/rotate_by_file.js
2020-07-30 14:56:40,559 INFO 11982 [egg-schedule]: register schedule /Users/mengxu.lii/own/egg-demo/node_modules/egg-multipart/app/schedule/clean_tmpdir.js
2020-07-30 14:56:40,559 INFO 11982 [egg-schedule]: register schedule /Users/mengxu.lii/own/egg-demo/node_modules/egg-logrotator/app/schedule/clean_log.js
2020-07-30 14:56:40,559 INFO 11982 [egg-schedule]: register schedule /Users/mengxu.lii/own/egg-demo/node_modules/egg-logrotator/app/schedule/rotate_by_file.js
2020-07-30 14:56:44,967 INFO 12004 [egg-schedule]: register schedule /Users/mengxu.lii/own/egg-demo/node_modules/egg-multipart/app/schedule/clean_tmpdir.js
2020-07-30 14:56:44,967 INFO 12004 [egg-schedule]: register schedule /Users/mengxu.lii/own/egg-demo/node_modules/egg-logrotator/app/schedule/clean_log.js
2020-07-30 14:56:44,967 INFO 12004 [egg-schedule]: register schedule /Users/mengxu.lii/own/egg-demo/node_modules/egg-logrotator/app/schedule/rotate_by_file.js
2020-07-30 15:07:37,622 INFO 12478 [Timer] /Users/mengxu.lii/own/egg-demo/node_modules/egg-multipart/app/schedule/clean_tmpdir.js next time will execute after 48142380ms at 2020-07-31 04:30:00.002
2020-07-30 15:07:37,623 INFO 12478 [Timer] /Users/mengxu.lii/own/egg-demo/node_modules/egg-logrotator/app/schedule/clean_log.js next time will execute after 31942378ms at 2020-07-31 00:00:00.001
2020-07-30 15:07:37,623 INFO 12478 [Timer] /Users/mengxu.lii/own/egg-demo/node_modules/egg-logrotator/app/schedule/rotate_by_file.js next time will execute after 31943377ms at 2020-07-31 00:00:01.000
2020-07-30 15:07:36,940 INFO 12480 [egg-schedule]: register schedule /Users/mengxu.lii/own/egg-demo/node_modules/egg-multipart/app/schedule/clean_tmpdir.js
2020-07-30 15:07:36,940 INFO 12480 [egg-schedule]: register schedule /Users/mengxu.lii/own/egg-demo/node_modules/egg-logrotator/app/schedule/clean_log.js
2020-07-30 15:07:36,940 INFO 12480 [egg-schedule]: register schedule /Users/mengxu.lii/own/egg-demo/node_modules/egg-logrotator/app/schedule/rotate_by_file.js
2020-07-30 15:08:19,698 INFO 12530 [egg-schedule]: register schedule /Users/mengxu.lii/own/egg-demo/node_modules/egg-multipart/app/schedule/clean_tmpdir.js
2020-07-30 15:08:19,698 INFO 12530 [egg-schedule]: register schedule /Users/mengxu.lii/own/egg-demo/node_modules/egg-logrotator/app/schedule/clean_log.js
2020-07-30 15:08:19,698 INFO 12530 [egg-schedule]: register schedule /Users/mengxu.lii/own/egg-demo/node_modules/egg-logrotator/app/schedule/rotate_by_file.js
2020-07-30 15:09:24,472 INFO 12598 [egg-schedule]: register schedule /Users/mengxu.lii/own/egg-demo/node_modules/egg-multipart/app/schedule/clean_tmpdir.js
2020-07-30 15:09:24,472 INFO 12598 [egg-schedule]: register schedule /Users/mengxu.lii/own/egg-demo/node_modules/egg-logrotator/app/schedule/clean_log.js
2020-07-30 15:09:24,472 INFO 12598 [egg-schedule]: register schedule /Users/mengxu.lii/own/egg-demo/node_modules/egg-logrotator/app/schedule/rotate_by_file.js
2020-07-30 15:09:49,972 INFO 12632 [egg-schedule]: register schedule /Users/mengxu.lii/own/egg-demo/node_modules/egg-multipart/app/schedule/clean_tmpdir.js
2020-07-30 15:09:49,972 INFO 12632 [egg-schedule]: register schedule /Users/mengxu.lii/own/egg-demo/node_modules/egg-logrotator/app/schedule/clean_log.js
2020-07-30 15:09:49,972 INFO 12632 [egg-schedule]: register schedule /Users/mengxu.lii/own/egg-demo/node_modules/egg-logrotator/app/schedule/rotate_by_file.js
2020-07-30 15:10:28,551 INFO 12672 [egg-schedule]: register schedule /Users/mengxu.lii/own/egg-demo/node_modules/egg-multipart/app/schedule/clean_tmpdir.js
2020-07-30 15:10:28,551 INFO 12672 [egg-schedule]: register schedule /Users/mengxu.lii/own/egg-demo/node_modules/egg-logrotator/app/schedule/clean_log.js
2020-07-30 15:10:28,551 INFO 12672 [egg-schedule]: register schedule /Users/mengxu.lii/own/egg-demo/node_modules/egg-logrotator/app/schedule/rotate_by_file.js
2020-07-30 15:10:58,974 INFO 12703 [egg-schedule]: register schedule /Users/mengxu.lii/own/egg-demo/node_modules/egg-multipart/app/schedule/clean_tmpdir.js
2020-07-30 15:10:58,974 INFO 12703 [egg-schedule]: register schedule /Users/mengxu.lii/own/egg-demo/node_modules/egg-logrotator/app/schedule/clean_log.js
2020-07-30 15:10:58,974 INFO 12703 [egg-schedule]: register schedule /Users/mengxu.lii/own/egg-demo/node_modules/egg-logrotator/app/schedule/rotate_by_file.js
2020-07-30 15:11:10,442 INFO 12736 [egg-schedule]: register schedule /Users/mengxu.lii/own/egg-demo/node_modules/egg-multipart/app/schedule/clean_tmpdir.js
2020-07-30 15:11:10,442 INFO 12736 [egg-schedule]: register schedule /Users/mengxu.lii/own/egg-demo/node_modules/egg-logrotator/app/schedule/clean_log.js
2020-07-30 15:11:10,442 INFO 12736 [egg-schedule]: register schedule /Users/mengxu.lii/own/egg-demo/node_modules/egg-logrotator/app/schedule/rotate_by_file.js
2020-07-30 15:11:23,795 INFO 12754 [egg-schedule]: register schedule /Users/mengxu.lii/own/egg-demo/node_modules/egg-multipart/app/schedule/clean_tmpdir.js
2020-07-30 15:11:23,795 INFO 12754 [egg-schedule]: register schedule /Users/mengxu.lii/own/egg-demo/node_modules/egg-logrotator/app/schedule/clean_log.js
2020-07-30 15:11:23,795 INFO 12754 [egg-schedule]: register schedule /Users/mengxu.lii/own/egg-demo/node_modules/egg-logrotator/app/schedule/rotate_by_file.js
2020-07-30 15:11:34,452 INFO 12772 [egg-schedule]: register schedule /Users/mengxu.lii/own/egg-demo/node_modules/egg-multipart/app/schedule/clean_tmpdir.js
2020-07-30 15:11:34,453 INFO 12772 [egg-schedule]: register schedule /Users/mengxu.lii/own/egg-demo/node_modules/egg-logrotator/app/schedule/clean_log.js
2020-07-30 15:11:34,453 INFO 12772 [egg-schedule]: register schedule /Users/mengxu.lii/own/egg-demo/node_modules/egg-logrotator/app/schedule/rotate_by_file.js
2020-07-30 15:12:04,749 INFO 12803 [egg-schedule]: register schedule /Users/mengxu.lii/own/egg-demo/node_modules/egg-multipart/app/schedule/clean_tmpdir.js
2020-07-30 15:12:04,749 INFO 12803 [egg-schedule]: register schedule /Users/mengxu.lii/own/egg-demo/node_modules/egg-logrotator/app/schedule/clean_log.js
2020-07-30 15:12:04,749 INFO 12803 [egg-schedule]: register schedule /Users/mengxu.lii/own/egg-demo/node_modules/egg-logrotator/app/schedule/rotate_by_file.js
2020-07-30 15:12:33,840 INFO 12836 [egg-schedule]: register schedule /Users/mengxu.lii/own/egg-demo/node_modules/egg-multipart/app/schedule/clean_tmpdir.js
2020-07-30 15:12:33,840 INFO 12836 [egg-schedule]: register schedule /Users/mengxu.lii/own/egg-demo/node_modules/egg-logrotator/app/schedule/clean_log.js
2020-07-30 15:12:33,840 INFO 12836 [egg-schedule]: register schedule /Users/mengxu.lii/own/egg-demo/node_modules/egg-logrotator/app/schedule/rotate_by_file.js
2020-07-30 15:12:39,648 INFO 12850 [egg-schedule]: register schedule /Users/mengxu.lii/own/egg-demo/node_modules/egg-multipart/app/schedule/clean_tmpdir.js
2020-07-30 15:12:39,648 INFO 12850 [egg-schedule]: register schedule /Users/mengxu.lii/own/egg-demo/node_modules/egg-logrotator/app/schedule/clean_log.js
2020-07-30 15:12:39,648 INFO 12850 [egg-schedule]: register schedule /Users/mengxu.lii/own/egg-demo/node_modules/egg-logrotator/app/schedule/rotate_by_file.js
2020-07-30 15:13:11,112 INFO 12886 [egg-schedule]: register schedule /Users/mengxu.lii/own/egg-demo/node_modules/egg-multipart/app/schedule/clean_tmpdir.js
2020-07-30 15:13:11,113 INFO 12886 [egg-schedule]: register schedule /Users/mengxu.lii/own/egg-demo/node_modules/egg-logrotator/app/schedule/clean_log.js
2020-07-30 15:13:11,113 INFO 12886 [egg-schedule]: register schedule /Users/mengxu.lii/own/egg-demo/node_modules/egg-logrotator/app/schedule/rotate_by_file.js
2020-07-30 15:15:51,157 INFO 12943 [egg-schedule]: register schedule /Users/mengxu.lii/own/egg-demo/node_modules/egg-multipart/app/schedule/clean_tmpdir.js
2020-07-30 15:15:51,157 INFO 12943 [egg-schedule]: register schedule /Users/mengxu.lii/own/egg-demo/node_modules/egg-logrotator/app/schedule/clean_log.js
2020-07-30 15:15:51,157 INFO 12943 [egg-schedule]: register schedule /Users/mengxu.lii/own/egg-demo/node_modules/egg-logrotator/app/schedule/rotate_by_file.js
2020-07-30 15:18:01,902 INFO 13018 [egg-schedule]: register schedule /Users/mengxu.lii/own/egg-demo/node_modules/egg-multipart/app/schedule/clean_tmpdir.js
2020-07-30 15:18:01,902 INFO 13018 [egg-schedule]: register schedule /Users/mengxu.lii/own/egg-demo/node_modules/egg-logrotator/app/schedule/clean_log.js
2020-07-30 15:18:01,902 INFO 13018 [egg-schedule]: register schedule /Users/mengxu.lii/own/egg-demo/node_modules/egg-logrotator/app/schedule/rotate_by_file.js
2020-07-30 15:24:30,288 INFO 13063 [egg-schedule]: register schedule /Users/mengxu.lii/own/egg-demo/node_modules/egg-multipart/app/schedule/clean_tmpdir.js
2020-07-30 15:24:30,289 INFO 13063 [egg-schedule]: register schedule /Users/mengxu.lii/own/egg-demo/node_modules/egg-logrotator/app/schedule/clean_log.js
2020-07-30 15:24:30,289 INFO 13063 [egg-schedule]: register schedule /Users/mengxu.lii/own/egg-demo/node_modules/egg-logrotator/app/schedule/rotate_by_file.js
2020-07-30 15:25:47,189 INFO 13094 [egg-schedule]: register schedule /Users/mengxu.lii/own/egg-demo/node_modules/egg-multipart/app/schedule/clean_tmpdir.js
2020-07-30 15:25:47,189 INFO 13094 [egg-schedule]: register schedule /Users/mengxu.lii/own/egg-demo/node_modules/egg-logrotator/app/schedule/clean_log.js
2020-07-30 15:25:47,189 INFO 13094 [egg-schedule]: register schedule /Users/mengxu.lii/own/egg-demo/node_modules/egg-logrotator/app/schedule/rotate_by_file.js
2020-07-30 15:25:51,488 INFO 13109 [egg-schedule]: register schedule /Users/mengxu.lii/own/egg-demo/node_modules/egg-multipart/app/schedule/clean_tmpdir.js
2020-07-30 15:25:51,488 INFO 13109 [egg-schedule]: register schedule /Users/mengxu.lii/own/egg-demo/node_modules/egg-logrotator/app/schedule/clean_log.js
2020-07-30 15:25:51,488 INFO 13109 [egg-schedule]: register schedule /Users/mengxu.lii/own/egg-demo/node_modules/egg-logrotator/app/schedule/rotate_by_file.js
2020-07-30 15:39:41,536 INFO 13192 [egg-schedule]: register schedule /Users/mengxu.lii/own/egg-demo/node_modules/egg-multipart/app/schedule/clean_tmpdir.js
2020-07-30 15:39:41,536 INFO 13192 [egg-schedule]: register schedule /Users/mengxu.lii/own/egg-demo/node_modules/egg-logrotator/app/schedule/clean_log.js
2020-07-30 15:39:41,536 INFO 13192 [egg-schedule]: register schedule /Users/mengxu.lii/own/egg-demo/node_modules/egg-logrotator/app/schedule/rotate_by_file.js
2020-07-30 15:39:58,229 INFO 13230 [egg-schedule]: register schedule /Users/mengxu.lii/own/egg-demo/node_modules/egg-multipart/app/schedule/clean_tmpdir.js
2020-07-30 15:39:58,229 INFO 13230 [egg-schedule]: register schedule /Users/mengxu.lii/own/egg-demo/node_modules/egg-logrotator/app/schedule/clean_log.js
2020-07-30 15:39:58,229 INFO 13230 [egg-schedule]: register schedule /Users/mengxu.lii/own/egg-demo/node_modules/egg-logrotator/app/schedule/rotate_by_file.js
2020-07-30 15:40:47,249 INFO 13265 [egg-schedule]: register schedule /Users/mengxu.lii/own/egg-demo/node_modules/egg-multipart/app/schedule/clean_tmpdir.js
2020-07-30 15:40:47,249 INFO 13265 [egg-schedule]: register schedule /Users/mengxu.lii/own/egg-demo/node_modules/egg-logrotator/app/schedule/clean_log.js
2020-07-30 15:40:47,249 INFO 13265 [egg-schedule]: register schedule /Users/mengxu.lii/own/egg-demo/node_modules/egg-logrotator/app/schedule/rotate_by_file.js
2020-07-30 15:48:55,380 INFO 13405 [egg-schedule]: register schedule /Users/mengxu.lii/own/egg-demo/node_modules/egg-multipart/app/schedule/clean_tmpdir.js
2020-07-30 15:48:55,380 INFO 13405 [egg-schedule]: register schedule /Users/mengxu.lii/own/egg-demo/node_modules/egg-logrotator/app/schedule/clean_log.js
2020-07-30 15:48:55,380 INFO 13405 [egg-schedule]: register schedule /Users/mengxu.lii/own/egg-demo/node_modules/egg-logrotator/app/schedule/rotate_by_file.js
2020-07-30 15:49:52,512 INFO 13446 [egg-schedule]: register schedule /Users/mengxu.lii/own/egg-demo/node_modules/egg-multipart/app/schedule/clean_tmpdir.js
2020-07-30 15:49:52,513 INFO 13446 [egg-schedule]: register schedule /Users/mengxu.lii/own/egg-demo/node_modules/egg-logrotator/app/schedule/clean_log.js
2020-07-30 15:49:52,513 INFO 13446 [egg-schedule]: register schedule /Users/mengxu.lii/own/egg-demo/node_modules/egg-logrotator/app/schedule/rotate_by_file.js
2020-07-30 15:49:57,563 INFO 13462 [egg-schedule]: register schedule /Users/mengxu.lii/own/egg-demo/node_modules/egg-multipart/app/schedule/clean_tmpdir.js
2020-07-30 15:49:57,563 INFO 13462 [egg-schedule]: register schedule /Users/mengxu.lii/own/egg-demo/node_modules/egg-logrotator/app/schedule/clean_log.js
2020-07-30 15:49:57,563 INFO 13462 [egg-schedule]: register schedule /Users/mengxu.lii/own/egg-demo/node_modules/egg-logrotator/app/schedule/rotate_by_file.js
2020-07-30 15:50:18,646 INFO 13496 [egg-schedule]: register schedule /Users/mengxu.lii/own/egg-demo/node_modules/egg-multipart/app/schedule/clean_tmpdir.js
2020-07-30 15:50:18,646 INFO 13496 [egg-schedule]: register schedule /Users/mengxu.lii/own/egg-demo/node_modules/egg-logrotator/app/schedule/clean_log.js
2020-07-30 15:50:18,646 INFO 13496 [egg-schedule]: register schedule /Users/mengxu.lii/own/egg-demo/node_modules/egg-logrotator/app/schedule/rotate_by_file.js
2020-07-30 15:51:30,476 INFO 13532 [egg-schedule]: register schedule /Users/mengxu.lii/own/egg-demo/node_modules/egg-multipart/app/schedule/clean_tmpdir.js
2020-07-30 15:51:30,476 INFO 13532 [egg-schedule]: register schedule /Users/mengxu.lii/own/egg-demo/node_modules/egg-logrotator/app/schedule/clean_log.js
2020-07-30 15:51:30,476 INFO 13532 [egg-schedule]: register schedule /Users/mengxu.lii/own/egg-demo/node_modules/egg-logrotator/app/schedule/rotate_by_file.js
2020-07-30 15:51:40,852 INFO 13561 [egg-schedule]: register schedule /Users/mengxu.lii/own/egg-demo/node_modules/egg-multipart/app/schedule/clean_tmpdir.js
2020-07-30 15:51:40,852 INFO 13561 [egg-schedule]: register schedule /Users/mengxu.lii/own/egg-demo/node_modules/egg-logrotator/app/schedule/clean_log.js
2020-07-30 15:51:40,852 INFO 13561 [egg-schedule]: register schedule /Users/mengxu.lii/own/egg-demo/node_modules/egg-logrotator/app/schedule/rotate_by_file.js
2020-07-30 15:51:47,081 INFO 13588 [egg-schedule]: register schedule /Users/mengxu.lii/own/egg-demo/node_modules/egg-multipart/app/schedule/clean_tmpdir.js
2020-07-30 15:51:47,081 INFO 13588 [egg-schedule]: register schedule /Users/mengxu.lii/own/egg-demo/node_modules/egg-logrotator/app/schedule/clean_log.js
2020-07-30 15:51:47,081 INFO 13588 [egg-schedule]: register schedule /Users/mengxu.lii/own/egg-demo/node_modules/egg-logrotator/app/schedule/rotate_by_file.js
2020-07-30 15:52:22,993 INFO 13624 [egg-schedule]: register schedule /Users/mengxu.lii/own/egg-demo/node_modules/egg-multipart/app/schedule/clean_tmpdir.js
2020-07-30 15:52:22,993 INFO 13624 [egg-schedule]: register schedule /Users/mengxu.lii/own/egg-demo/node_modules/egg-logrotator/app/schedule/clean_log.js
2020-07-30 15:52:22,993 INFO 13624 [egg-schedule]: register schedule /Users/mengxu.lii/own/egg-demo/node_modules/egg-logrotator/app/schedule/rotate_by_file.js
2020-07-30 15:59:55,300 INFO 13685 [egg-schedule]: register schedule /Users/mengxu.lii/own/egg-demo/node_modules/egg-multipart/app/schedule/clean_tmpdir.js
2020-07-30 15:59:55,300 INFO 13685 [egg-schedule]: register schedule /Users/mengxu.lii/own/egg-demo/node_modules/egg-logrotator/app/schedule/clean_log.js
2020-07-30 15:59:55,300 INFO 13685 [egg-schedule]: register schedule /Users/mengxu.lii/own/egg-demo/node_modules/egg-logrotator/app/schedule/rotate_by_file.js
2020-07-30 16:05:04,499 INFO 13802 [egg-schedule]: register schedule /Users/mengxu.lii/own/egg-demo/node_modules/egg-multipart/app/schedule/clean_tmpdir.js
2020-07-30 16:05:04,499 INFO 13802 [egg-schedule]: register schedule /Users/mengxu.lii/own/egg-demo/node_modules/egg-logrotator/app/schedule/clean_log.js
2020-07-30 16:05:04,499 INFO 13802 [egg-schedule]: register schedule /Users/mengxu.lii/own/egg-demo/node_modules/egg-logrotator/app/schedule/rotate_by_file.js
2020-07-30 16:05:08,003 INFO 13819 [egg-schedule]: register schedule /Users/mengxu.lii/own/egg-demo/node_modules/egg-multipart/app/schedule/clean_tmpdir.js
2020-07-30 16:05:08,004 INFO 13819 [egg-schedule]: register schedule /Users/mengxu.lii/own/egg-demo/node_modules/egg-logrotator/app/schedule/clean_log.js
2020-07-30 16:05:08,004 INFO 13819 [egg-schedule]: register schedule /Users/mengxu.lii/own/egg-demo/node_modules/egg-logrotator/app/schedule/rotate_by_file.js
2020-07-30 16:05:12,698 INFO 13843 [egg-schedule]: register schedule /Users/mengxu.lii/own/egg-demo/node_modules/egg-multipart/app/schedule/clean_tmpdir.js
2020-07-30 16:05:12,698 INFO 13843 [egg-schedule]: register schedule /Users/mengxu.lii/own/egg-demo/node_modules/egg-logrotator/app/schedule/clean_log.js
2020-07-30 16:05:12,698 INFO 13843 [egg-schedule]: register schedule /Users/mengxu.lii/own/egg-demo/node_modules/egg-logrotator/app/schedule/rotate_by_file.js
2020-07-30 16:05:52,284 INFO 13896 [egg-schedule]: register schedule /Users/mengxu.lii/own/egg-demo/node_modules/egg-multipart/app/schedule/clean_tmpdir.js
2020-07-30 16:05:52,284 INFO 13896 [egg-schedule]: register schedule /Users/mengxu.lii/own/egg-demo/node_modules/egg-logrotator/app/schedule/clean_log.js
2020-07-30 16:05:52,284 INFO 13896 [egg-schedule]: register schedule /Users/mengxu.lii/own/egg-demo/node_modules/egg-logrotator/app/schedule/rotate_by_file.js
2020-07-30 16:08:26,869 INFO 13963 [egg-schedule]: register schedule /Users/mengxu.lii/own/egg-demo/node_modules/egg-multipart/app/schedule/clean_tmpdir.js
2020-07-30 16:08:26,869 INFO 13963 [egg-schedule]: register schedule /Users/mengxu.lii/own/egg-demo/node_modules/egg-logrotator/app/schedule/clean_log.js
2020-07-30 16:08:26,869 INFO 13963 [egg-schedule]: register schedule /Users/mengxu.lii/own/egg-demo/node_modules/egg-logrotator/app/schedule/rotate_by_file.js
2020-07-30 16:09:20,670 INFO 14005 [egg-schedule]: register schedule /Users/mengxu.lii/own/egg-demo/node_modules/egg-multipart/app/schedule/clean_tmpdir.js
2020-07-30 16:09:20,670 INFO 14005 [egg-schedule]: register schedule /Users/mengxu.lii/own/egg-demo/node_modules/egg-logrotator/app/schedule/clean_log.js
2020-07-30 16:09:20,670 INFO 14005 [egg-schedule]: register schedule /Users/mengxu.lii/own/egg-demo/node_modules/egg-logrotator/app/schedule/rotate_by_file.js
2020-07-30 16:11:47,490 INFO 14045 [egg-schedule]: register schedule /Users/mengxu.lii/own/egg-demo/node_modules/egg-multipart/app/schedule/clean_tmpdir.js
2020-07-30 16:11:47,490 INFO 14045 [egg-schedule]: register schedule /Users/mengxu.lii/own/egg-demo/node_modules/egg-logrotator/app/schedule/clean_log.js
2020-07-30 16:11:47,490 INFO 14045 [egg-schedule]: register schedule /Users/mengxu.lii/own/egg-demo/node_modules/egg-logrotator/app/schedule/rotate_by_file.js
2020-07-30 16:13:33,311 INFO 14078 [egg-schedule]: register schedule /Users/mengxu.lii/own/egg-demo/node_modules/egg-multipart/app/schedule/clean_tmpdir.js
2020-07-30 16:13:33,311 INFO 14078 [egg-schedule]: register schedule /Users/mengxu.lii/own/egg-demo/node_modules/egg-logrotator/app/schedule/clean_log.js
2020-07-30 16:13:33,311 INFO 14078 [egg-schedule]: register schedule /Users/mengxu.lii/own/egg-demo/node_modules/egg-logrotator/app/schedule/rotate_by_file.js
2020-07-30 16:14:02,508 INFO 14114 [egg-schedule]: register schedule /Users/mengxu.lii/own/egg-demo/node_modules/egg-multipart/app/schedule/clean_tmpdir.js
2020-07-30 16:14:02,508 INFO 14114 [egg-schedule]: register schedule /Users/mengxu.lii/own/egg-demo/node_modules/egg-logrotator/app/schedule/clean_log.js
2020-07-30 16:14:02,508 INFO 14114 [egg-schedule]: register schedule /Users/mengxu.lii/own/egg-demo/node_modules/egg-logrotator/app/schedule/rotate_by_file.js
2020-07-30 16:14:21,984 INFO 14148 [egg-schedule]: register schedule /Users/mengxu.lii/own/egg-demo/node_modules/egg-multipart/app/schedule/clean_tmpdir.js
2020-07-30 16:14:21,984 INFO 14148 [egg-schedule]: register schedule /Users/mengxu.lii/own/egg-demo/node_modules/egg-logrotator/app/schedule/clean_log.js
2020-07-30 16:14:21,984 INFO 14148 [egg-schedule]: register schedule /Users/mengxu.lii/own/egg-demo/node_modules/egg-logrotator/app/schedule/rotate_by_file.js
2020-07-30 16:14:42,536 INFO 14198 [egg-schedule]: register schedule /Users/mengxu.lii/own/egg-demo/node_modules/egg-multipart/app/schedule/clean_tmpdir.js
2020-07-30 16:14:42,536 INFO 14198 [egg-schedule]: register schedule /Users/mengxu.lii/own/egg-demo/node_modules/egg-logrotator/app/schedule/clean_log.js
2020-07-30 16:14:42,536 INFO 14198 [egg-schedule]: register schedule /Users/mengxu.lii/own/egg-demo/node_modules/egg-logrotator/app/schedule/rotate_by_file.js
2020-07-30 16:15:54,475 INFO 14247 [egg-schedule]: register schedule /Users/mengxu.lii/own/egg-demo/node_modules/egg-multipart/app/schedule/clean_tmpdir.js
2020-07-30 16:15:54,475 INFO 14247 [egg-schedule]: register schedule /Users/mengxu.lii/own/egg-demo/node_modules/egg-logrotator/app/schedule/clean_log.js
2020-07-30 16:15:54,475 INFO 14247 [egg-schedule]: register schedule /Users/mengxu.lii/own/egg-demo/node_modules/egg-logrotator/app/schedule/rotate_by_file.js
2020-07-30 16:15:57,324 INFO 14261 [egg-schedule]: register schedule /Users/mengxu.lii/own/egg-demo/node_modules/egg-multipart/app/schedule/clean_tmpdir.js
2020-07-30 16:15:57,324 INFO 14261 [egg-schedule]: register schedule /Users/mengxu.lii/own/egg-demo/node_modules/egg-logrotator/app/schedule/clean_log.js
2020-07-30 16:15:57,324 INFO 14261 [egg-schedule]: register schedule /Users/mengxu.lii/own/egg-demo/node_modules/egg-logrotator/app/schedule/rotate_by_file.js
2020-07-30 16:16:19,820 INFO 14277 [egg-schedule]: register schedule /Users/mengxu.lii/own/egg-demo/node_modules/egg-multipart/app/schedule/clean_tmpdir.js
2020-07-30 16:16:19,820 INFO 14277 [egg-schedule]: register schedule /Users/mengxu.lii/own/egg-demo/node_modules/egg-logrotator/app/schedule/clean_log.js
2020-07-30 16:16:19,820 INFO 14277 [egg-schedule]: register schedule /Users/mengxu.lii/own/egg-demo/node_modules/egg-logrotator/app/schedule/rotate_by_file.js
2020-07-30 16:27:47,131 INFO 14340 [egg-schedule]: register schedule /Users/mengxu.lii/own/egg-demo/node_modules/egg-multipart/app/schedule/clean_tmpdir.js
2020-07-30 16:27:47,131 INFO 14340 [egg-schedule]: register schedule /Users/mengxu.lii/own/egg-demo/node_modules/egg-logrotator/app/schedule/clean_log.js
2020-07-30 16:27:47,131 INFO 14340 [egg-schedule]: register schedule /Users/mengxu.lii/own/egg-demo/node_modules/egg-logrotator/app/schedule/rotate_by_file.js
2020-07-30 16:27:53,580 INFO 14354 [egg-schedule]: register schedule /Users/mengxu.lii/own/egg-demo/node_modules/egg-multipart/app/schedule/clean_tmpdir.js
2020-07-30 16:27:53,580 INFO 14354 [egg-schedule]: register schedule /Users/mengxu.lii/own/egg-demo/node_modules/egg-logrotator/app/schedule/clean_log.js
2020-07-30 16:27:53,580 INFO 14354 [egg-schedule]: register schedule /Users/mengxu.lii/own/egg-demo/node_modules/egg-logrotator/app/schedule/rotate_by_file.js
2020-07-30 16:28:41,192 INFO 14383 [egg-schedule]: register schedule /Users/mengxu.lii/own/egg-demo/node_modules/egg-multipart/app/schedule/clean_tmpdir.js
2020-07-30 16:28:41,192 INFO 14383 [egg-schedule]: register schedule /Users/mengxu.lii/own/egg-demo/node_modules/egg-logrotator/app/schedule/clean_log.js
2020-07-30 16:28:41,192 INFO 14383 [egg-schedule]: register schedule /Users/mengxu.lii/own/egg-demo/node_modules/egg-logrotator/app/schedule/rotate_by_file.js
2020-07-30 16:29:23,212 INFO 14416 [egg-schedule]: register schedule /Users/mengxu.lii/own/egg-demo/node_modules/egg-multipart/app/schedule/clean_tmpdir.js
2020-07-30 16:29:23,212 INFO 14416 [egg-schedule]: register schedule /Users/mengxu.lii/own/egg-demo/node_modules/egg-logrotator/app/schedule/clean_log.js
2020-07-30 16:29:23,212 INFO 14416 [egg-schedule]: register schedule /Users/mengxu.lii/own/egg-demo/node_modules/egg-logrotator/app/schedule/rotate_by_file.js
2020-07-30 16:29:40,660 INFO 14434 [egg-schedule]: register schedule /Users/mengxu.lii/own/egg-demo/node_modules/egg-multipart/app/schedule/clean_tmpdir.js
2020-07-30 16:29:40,660 INFO 14434 [egg-schedule]: register schedule /Users/mengxu.lii/own/egg-demo/node_modules/egg-logrotator/app/schedule/clean_log.js
2020-07-30 16:29:40,660 INFO 14434 [egg-schedule]: register schedule /Users/mengxu.lii/own/egg-demo/node_modules/egg-logrotator/app/schedule/rotate_by_file.js
2020-07-30 16:30:51,990 INFO 14462 [egg-schedule]: register schedule /Users/mengxu.lii/own/egg-demo/node_modules/egg-multipart/app/schedule/clean_tmpdir.js
2020-07-30 16:30:51,990 INFO 14462 [egg-schedule]: register schedule /Users/mengxu.lii/own/egg-demo/node_modules/egg-logrotator/app/schedule/clean_log.js
2020-07-30 16:30:51,990 INFO 14462 [egg-schedule]: register schedule /Users/mengxu.lii/own/egg-demo/node_modules/egg-logrotator/app/schedule/rotate_by_file.js
2020-07-30 16:31:02,729 INFO 14492 [egg-schedule]: register schedule /Users/mengxu.lii/own/egg-demo/node_modules/egg-multipart/app/schedule/clean_tmpdir.js
2020-07-30 16:31:02,729 INFO 14492 [egg-schedule]: register schedule /Users/mengxu.lii/own/egg-demo/node_modules/egg-logrotator/app/schedule/clean_log.js
2020-07-30 16:31:02,730 INFO 14492 [egg-schedule]: register schedule /Users/mengxu.lii/own/egg-demo/node_modules/egg-logrotator/app/schedule/rotate_by_file.js
2020-07-30 16:32:03,230 INFO 14516 [egg-schedule]: register schedule /Users/mengxu.lii/own/egg-demo/node_modules/egg-multipart/app/schedule/clean_tmpdir.js
2020-07-30 16:32:03,230 INFO 14516 [egg-schedule]: register schedule /Users/mengxu.lii/own/egg-demo/node_modules/egg-logrotator/app/schedule/clean_log.js
2020-07-30 16:32:03,230 INFO 14516 [egg-schedule]: register schedule /Users/mengxu.lii/own/egg-demo/node_modules/egg-logrotator/app/schedule/rotate_by_file.js
2020-07-30 16:33:46,232 INFO 14557 [egg-schedule]: register schedule /Users/mengxu.lii/own/egg-demo/node_modules/egg-multipart/app/schedule/clean_tmpdir.js
2020-07-30 16:33:46,232 INFO 14557 [egg-schedule]: register schedule /Users/mengxu.lii/own/egg-demo/node_modules/egg-logrotator/app/schedule/clean_log.js
2020-07-30 16:33:46,232 INFO 14557 [egg-schedule]: register schedule /Users/mengxu.lii/own/egg-demo/node_modules/egg-logrotator/app/schedule/rotate_by_file.js
2020-07-30 16:40:52,947 INFO 14607 [egg-schedule]: register schedule /Users/mengxu.lii/own/egg-demo/node_modules/egg-multipart/app/schedule/clean_tmpdir.js
2020-07-30 16:40:52,947 INFO 14607 [egg-schedule]: register schedule /Users/mengxu.lii/own/egg-demo/node_modules/egg-logrotator/app/schedule/clean_log.js
2020-07-30 16:40:52,947 INFO 14607 [egg-schedule]: register schedule /Users/mengxu.lii/own/egg-demo/node_modules/egg-logrotator/app/schedule/rotate_by_file.js
2020-07-30 16:41:15,886 INFO 14625 [egg-schedule]: register schedule /Users/mengxu.lii/own/egg-demo/node_modules/egg-multipart/app/schedule/clean_tmpdir.js
2020-07-30 16:41:15,886 INFO 14625 [egg-schedule]: register schedule /Users/mengxu.lii/own/egg-demo/node_modules/egg-logrotator/app/schedule/clean_log.js
2020-07-30 16:41:15,886 INFO 14625 [egg-schedule]: register schedule /Users/mengxu.lii/own/egg-demo/node_modules/egg-logrotator/app/schedule/rotate_by_file.js
2020-07-30 16:41:26,438 INFO 14645 [egg-schedule]: register schedule /Users/mengxu.lii/own/egg-demo/node_modules/egg-multipart/app/schedule/clean_tmpdir.js
2020-07-30 16:41:26,438 INFO 14645 [egg-schedule]: register schedule /Users/mengxu.lii/own/egg-demo/node_modules/egg-logrotator/app/schedule/clean_log.js
2020-07-30 16:41:26,438 INFO 14645 [egg-schedule]: register schedule /Users/mengxu.lii/own/egg-demo/node_modules/egg-logrotator/app/schedule/rotate_by_file.js
2020-07-30 16:43:36,541 INFO 14699 [egg-schedule]: register schedule /Users/mengxu.lii/own/egg-demo/node_modules/egg-multipart/app/schedule/clean_tmpdir.js
2020-07-30 16:43:36,542 INFO 14699 [egg-schedule]: register schedule /Users/mengxu.lii/own/egg-demo/node_modules/egg-logrotator/app/schedule/clean_log.js
2020-07-30 16:43:36,542 INFO 14699 [egg-schedule]: register schedule /Users/mengxu.lii/own/egg-demo/node_modules/egg-logrotator/app/schedule/rotate_by_file.js
